This is pdfTeX, Version 3.14159265-2.6-1.40.18 (TeX Live 2017/W32TeX) (preloaded format=pdflatex 2017.7.15)  9 AUG 2017 10:04
entering extended mode
 restricted \write18 enabled.
 %&-line parsing enabled.
**./MOSAIC-StudentGuide.tex
(./MOSAIC-StudentGuide.tex
LaTeX2e <2017-04-15>
Babel <3.12> and hyphenation patterns for 84 language(s) loaded.
(c:/texlive/2017/texmf-dist/tex/latex/tufte-latex/tufte-book.cls
Document Class: tufte-book 2015/06/21 v3.5.2 Tufte-book class
(c:/texlive/2017/texmf-dist/tex/latex/tufte-latex/tufte-common.def
File: tufte-common.def 2015/06/21 v3.5.2 Common code for the Tufte-LaTeX styles


(c:/texlive/2017/texmf-dist/tex/latex/xkeyval/xkeyval.sty
Package: xkeyval 2014/12/03 v2.7a package option processing (HA)

(c:/texlive/2017/texmf-dist/tex/generic/xkeyval/xkeyval.tex
(c:/texlive/2017/texmf-dist/tex/generic/xkeyval/xkvutils.tex
\XKV@toks=\toks14
\XKV@tempa@toks=\toks15

(c:/texlive/2017/texmf-dist/tex/generic/xkeyval/keyval.tex))
\XKV@depth=\count79
File: xkeyval.tex 2014/12/03 v2.7a key=value parser (HA)
))
(c:/texlive/2017/texmf-dist/tex/latex/xifthen/xifthen.sty
Package: xifthen 2015/11/05 v1.4.0 Extended ifthen features

(c:/texlive/2017/texmf-dist/tex/latex/tools/calc.sty
Package: calc 2014/10/28 v4.3 Infix arithmetic (KKT,FJ)
\calc@Acount=\count80
\calc@Bcount=\count81
\calc@Adimen=\dimen102
\calc@Bdimen=\dimen103
\calc@Askip=\skip41
\calc@Bskip=\skip42
LaTeX Info: Redefining \setlength on input line 80.
LaTeX Info: Redefining \addtolength on input line 81.
\calc@Ccount=\count82
\calc@Cskip=\skip43
)
(c:/texlive/2017/texmf-dist/tex/latex/base/ifthen.sty
Package: ifthen 2014/09/29 v1.1c Standard LaTeX ifthen package (DPC)
)
(c:/texlive/2017/texmf-dist/tex/latex/ifmtarg/ifmtarg.sty
Package: ifmtarg 2009/09/02 v1.2a check for an empty argument
))
(c:/texlive/2017/texmf-dist/tex/latex/hardwrap/hardwrap.sty
Package: hardwrap 2011/02/12 v0.2 Hard wrap messages

(c:/texlive/2017/texmf-dist/tex/latex/ifplatform/ifplatform.sty
Package: ifplatform 2010/10/22 v0.4 Testing for the operating system

(c:/texlive/2017/texmf-dist/tex/generic/oberdiek/pdftexcmds.sty
Package: pdftexcmds 2017/03/19 v0.25 Utility functions of pdfTeX for LuaTeX (HO
)

(c:/texlive/2017/texmf-dist/tex/generic/oberdiek/infwarerr.sty
Package: infwarerr 2016/05/16 v1.4 Providing info/warning/error messages (HO)
)
(c:/texlive/2017/texmf-dist/tex/generic/oberdiek/ifluatex.sty
Package: ifluatex 2016/05/16 v1.4 Provides the ifluatex switch (HO)
Package ifluatex Info: LuaTeX not detected.
)
(c:/texlive/2017/texmf-dist/tex/generic/oberdiek/ltxcmds.sty
Package: ltxcmds 2016/05/16 v1.23 LaTeX kernel commands for general use (HO)
)
(c:/texlive/2017/texmf-dist/tex/generic/oberdiek/ifpdf.sty
Package: ifpdf 2017/03/15 v3.2 Provides the ifpdf switch
)
Package pdftexcmds Info: LuaTeX not detected.
Package pdftexcmds Info: \pdf@primitive is available.
Package pdftexcmds Info: \pdf@ifprimitive is available.
Package pdftexcmds Info: \pdfdraftmode found.
)
(c:/texlive/2017/texmf-dist/tex/generic/oberdiek/catchfile.sty
Package: catchfile 2016/05/16 v1.7 Catch the contents of a file (HO)

(c:/texlive/2017/texmf-dist/tex/generic/oberdiek/etexcmds.sty
Package: etexcmds 2016/05/16 v1.6 Avoid name clashes with e-TeX commands (HO)
Package etexcmds Info: Could not find \expanded.
(etexcmds)             That can mean that you are not using pdfTeX 1.50 or
(etexcmds)             that some package has redefined \expanded.
(etexcmds)             In the latter case, load this package earlier.
))

Package ifplatform Warning: 
    shell escape is disabled, so I can only detect \ifwindows.

) (c:/texlive/2017/texmf-dist/tex/generic/ifxetex/ifxetex.sty
Package: ifxetex 2010/09/12 v0.6 Provides ifxetex conditional
)
\hw@charcount=\count83
\hw@wordcount=\count84
\hw@maxprintline=\count85
)
Class tufte-book Info: Loading the base class `book'

(c:/texlive/2017/texmf-dist/tex/latex/base/book.cls
Document Class: book 2014/09/29 v1.4h Standard LaTeX document class
(c:/texlive/2017/texmf-dist/tex/latex/base/bk10.clo
File: bk10.clo 2014/09/29 v1.4h Standard LaTeX file (size option)
)
\c@part=\count86
\c@chapter=\count87
\c@section=\count88
\c@subsection=\count89
\c@subsubsection=\count90
\c@paragraph=\count91
\c@subparagraph=\count92
\c@figure=\count93
\c@table=\count94
\abovecaptionskip=\skip44
\belowcaptionskip=\skip45
\bibindent=\dimen104
)
(c:/texlive/2017/texmf-dist/tex/latex/titlesec/titlesec.sty
Package: titlesec 2016/03/21 v2.10.2 Sectioning titles
\ttl@box=\box26
\beforetitleunit=\skip46
\aftertitleunit=\skip47
\ttl@plus=\dimen105
\ttl@minus=\dimen106
\ttl@toksa=\toks16
\titlewidth=\dimen107
\titlewidthlast=\dimen108
\titlewidthfirst=\dimen109
)
(c:/texlive/2017/texmf-dist/tex/latex/titlesec/titletoc.sty
Package: titletoc 2011/12/15 v1.6 TOC entries
\ttl@leftsep=\dimen110
)
(c:/texlive/2017/texmf-dist/tex/latex/hyperref/hyperref.sty
Package: hyperref 2017/03/14 v6.85a Hypertext links for LaTeX

(c:/texlive/2017/texmf-dist/tex/generic/oberdiek/hobsub-hyperref.sty
Package: hobsub-hyperref 2016/05/16 v1.14 Bundle oberdiek, subset hyperref (HO)


(c:/texlive/2017/texmf-dist/tex/generic/oberdiek/hobsub-generic.sty
Package: hobsub-generic 2016/05/16 v1.14 Bundle oberdiek, subset generic (HO)
Package: hobsub 2016/05/16 v1.14 Construct package bundles (HO)
Package hobsub Info: Skipping package `infwarerr' (already loaded).
Package hobsub Info: Skipping package `ltxcmds' (already loaded).
Package hobsub Info: Skipping package `ifluatex' (already loaded).
Package: ifvtex 2016/05/16 v1.6 Detect VTeX and its facilities (HO)
Package ifvtex Info: VTeX not detected.
Package: intcalc 2016/05/16 v1.2 Expandable calculations with integers (HO)
Package hobsub Info: Skipping package `ifpdf' (already loaded).
Package hobsub Info: Skipping package `etexcmds' (already loaded).
Package: kvsetkeys 2016/05/16 v1.17 Key value parser (HO)
Package: kvdefinekeys 2016/05/16 v1.4 Define keys (HO)
Package hobsub Info: Skipping package `pdftexcmds' (already loaded).
Package: pdfescape 2016/05/16 v1.14 Implements pdfTeX's escape features (HO)
Package: bigintcalc 2016/05/16 v1.4 Expandable calculations on big integers (HO
)
Package: bitset 2016/05/16 v1.2 Handle bit-vector datatype (HO)
Package: uniquecounter 2016/05/16 v1.3 Provide unlimited unique counter (HO)
)
Package hobsub Info: Skipping package `hobsub' (already loaded).
Package: letltxmacro 2016/05/16 v1.5 Let assignment for LaTeX macros (HO)
Package: hopatch 2016/05/16 v1.3 Wrapper for package hooks (HO)
Package: xcolor-patch 2016/05/16 xcolor patch
Package: atveryend 2016/05/16 v1.9 Hooks at the very end of document (HO)
Package atveryend Info: \enddocument detected (standard20110627).
Package: atbegshi 2016/06/09 v1.18 At begin shipout hook (HO)
Package: refcount 2016/05/16 v3.5 Data extraction from label references (HO)
Package: hycolor 2016/05/16 v1.8 Color options for hyperref/bookmark (HO)
)
(c:/texlive/2017/texmf-dist/tex/latex/oberdiek/auxhook.sty
Package: auxhook 2016/05/16 v1.4 Hooks for auxiliary files (HO)
)
(c:/texlive/2017/texmf-dist/tex/latex/oberdiek/kvoptions.sty
Package: kvoptions 2016/05/16 v3.12 Key value format for package options (HO)
)
\@linkdim=\dimen111
\Hy@linkcounter=\count95
\Hy@pagecounter=\count96

(c:/texlive/2017/texmf-dist/tex/latex/hyperref/pd1enc.def
File: pd1enc.def 2017/03/14 v6.85a Hyperref: PDFDocEncoding definition (HO)
)
\Hy@SavedSpaceFactor=\count97

(c:/texlive/2017/texmf-dist/tex/latex/latexconfig/hyperref.cfg
File: hyperref.cfg 2002/06/06 v1.2 hyperref configuration of TeXLive
)
Package hyperref Info: Option `unicode' set `true' on input line 4374.

(c:/texlive/2017/texmf-dist/tex/latex/hyperref/puenc.def
File: puenc.def 2017/03/14 v6.85a Hyperref: PDF Unicode definition (HO)
)
Package hyperref Info: Option `hyperfootnotes' set `false' on input line 4374.
Package hyperref Info: Hyper figures OFF on input line 4498.
Package hyperref Info: Link nesting OFF on input line 4503.
Package hyperref Info: Hyper index ON on input line 4506.
Package hyperref Info: Plain pages OFF on input line 4513.
Package hyperref Info: Backreferencing OFF on input line 4518.
Package hyperref Info: Implicit mode ON; LaTeX internals redefined.
Package hyperref Info: Bookmarks ON on input line 4751.
\c@Hy@tempcnt=\count98

(c:/texlive/2017/texmf-dist/tex/latex/url/url.sty
\Urlmuskip=\muskip10
Package: url 2013/09/16  ver 3.4  Verb mode for urls, etc.
)
LaTeX Info: Redefining \url on input line 5104.
\XeTeXLinkMargin=\dimen112
\Fld@menulength=\count99
\Field@Width=\dimen113
\Fld@charsize=\dimen114
Package hyperref Info: Hyper figures OFF on input line 6358.
Package hyperref Info: Link nesting OFF on input line 6363.
Package hyperref Info: Hyper index ON on input line 6366.
Package hyperref Info: backreferencing OFF on input line 6373.
Package hyperref Info: Link coloring OFF on input line 6378.
Package hyperref Info: Link coloring with OCG OFF on input line 6383.
Package hyperref Info: PDF/A mode OFF on input line 6388.
LaTeX Info: Redefining \ref on input line 6428.
LaTeX Info: Redefining \pageref on input line 6432.
\Hy@abspage=\count100
\c@Item=\count101
)

Package hyperref Message: Driver (autodetected): hpdftex.

(c:/texlive/2017/texmf-dist/tex/latex/hyperref/hpdftex.def
File: hpdftex.def 2017/03/14 v6.85a Hyperref driver for pdfTeX
\Fld@listcount=\count102
\c@bookmark@seq@number=\count103

(c:/texlive/2017/texmf-dist/tex/latex/oberdiek/rerunfilecheck.sty
Package: rerunfilecheck 2016/05/16 v1.8 Rerun checks for auxiliary files (HO)
Package uniquecounter Info: New unique counter `rerunfilecheck' on input line 2
82.
)
\Hy@SectionHShift=\skip48
)
(c:/texlive/2017/texmf-dist/tex/latex/ms/ragged2e.sty
Package: ragged2e 2009/05/21 v2.1 ragged2e Package (MS)

(c:/texlive/2017/texmf-dist/tex/latex/ms/everysel.sty
Package: everysel 2011/10/28 v1.2 EverySelectfont Package (MS)
)
\CenteringLeftskip=\skip49
\RaggedLeftLeftskip=\skip50
\RaggedRightLeftskip=\skip51
\CenteringRightskip=\skip52
\RaggedLeftRightskip=\skip53
\RaggedRightRightskip=\skip54
\CenteringParfillskip=\skip55
\RaggedLeftParfillskip=\skip56
\RaggedRightParfillskip=\skip57
\JustifyingParfillskip=\skip58
\CenteringParindent=\skip59
\RaggedLeftParindent=\skip60
\RaggedRightParindent=\skip61
\JustifyingParindent=\skip62
)
(c:/texlive/2017/texmf-dist/tex/latex/geometry/geometry.sty
Package: geometry 2010/09/12 v5.6 Page Geometry
\Gm@cnth=\count104
\Gm@cntv=\count105
\c@Gm@tempcnt=\count106
\Gm@bindingoffset=\dimen115
\Gm@wd@mp=\dimen116
\Gm@odd@mp=\dimen117
\Gm@even@mp=\dimen118
\Gm@layoutwidth=\dimen119
\Gm@layoutheight=\dimen120
\Gm@layouthoffset=\dimen121
\Gm@layoutvoffset=\dimen122
\Gm@dimlist=\toks17
)
(c:/texlive/2017/texmf-dist/tex/latex/changepage/changepage.sty
Package: changepage 2009/10/20 v1.0c check page and change page layout
\c@cp@cntr=\count107
\cp@tempcnt=\count108
)
\@tufte@overhang=\skip63
\@tufte@fullwidth=\skip64
\@tufte@caption@fill=\skip65

(c:/texlive/2017/texmf-dist/tex/latex/paralist/paralist.sty
Package: paralist 2017/01/22 v2.7 Extended list environments
\pltopsep=\skip66
\plpartopsep=\skip67
\plitemsep=\skip68
\plparsep=\skip69
\pl@lab=\toks18
)
(c:/texlive/2017/texmf-dist/tex/latex/textcase/textcase.sty
Package: textcase 2004/10/07 v0.07 Text only upper/lower case changing (DPC)
)
(c:/texlive/2017/texmf-dist/tex/latex/microtype/letterspace.sty
Package: letterspace 2017/07/07 v2.7 Robust letterspacing (RS)
LaTeX Info: Redefining \lsstyle on input line 345.
LaTeX Info: Redefining \lslig on input line 346.
LaTeX Info: Redefining \textls on input line 371.
\MT@outer@kern=\dimen123
)
(c:/texlive/2017/texmf-dist/tex/latex/setspace/setspace.sty
Package: setspace 2011/12/19 v6.7a set line spacing
)
(c:/texlive/2017/texmf-dist/tex/latex/xcolor/xcolor.sty
Package: xcolor 2016/05/11 v2.12 LaTeX color extensions (UK)

(c:/texlive/2017/texmf-dist/tex/latex/graphics-cfg/color.cfg
File: color.cfg 2016/01/02 v1.6 sample color configuration
)
Package xcolor Info: Package option `usenames' ignored on input line 216.
Package xcolor Info: Driver file: pdftex.def on input line 225.

(c:/texlive/2017/texmf-dist/tex/latex/graphics-def/pdftex.def
File: pdftex.def 2017/06/24 v1.0g Graphics/color driver for pdftex
)
Package xcolor Info: Model `cmy' substituted by `cmy0' on input line 1348.
Package xcolor Info: Model `hsb' substituted by `rgb' on input line 1352.
Package xcolor Info: Model `RGB' extended on input line 1364.
Package xcolor Info: Model `HTML' substituted by `rgb' on input line 1366.
Package xcolor Info: Model `Hsb' substituted by `hsb' on input line 1367.
Package xcolor Info: Model `tHsb' substituted by `hsb' on input line 1368.
Package xcolor Info: Model `HSB' substituted by `hsb' on input line 1369.
Package xcolor Info: Model `Gray' substituted by `gray' on input line 1370.
Package xcolor Info: Model `wave' substituted by `hsb' on input line 1371.

(c:/texlive/2017/texmf-dist/tex/latex/graphics/dvipsnam.def
File: dvipsnam.def 2016/06/17 v3.0m Driver-dependent file (DPC,SPQR)
)
(c:/texlive/2017/texmf-dist/tex/latex/xcolor/svgnam.def
File: svgnam.def 2016/05/11 v2.12 Predefined colors according to SVG 1.1 (UK)
))
(c:/texlive/2017/texmf-dist/tex/latex/natbib/natbib.sty
Package: natbib 2010/09/13 8.31b (PWD, AO)
\bibhang=\skip70
\bibsep=\skip71
LaTeX Info: Redefining \cite on input line 694.
\c@NAT@ctr=\count109
)
(c:/texlive/2017/texmf-dist/tex/latex/natbib/bibentry.sty
Package: bibentry 2007/10/30 1.5 (PWD)
)
(./MOSAIC-StudentGuide.bbl)
\c@@tufte@num@bibkeys=\count110

(c:/texlive/2017/texmf-dist/tex/latex/sauerj/optparams.sty
Package: optparams 2004/08/14 v0.9 multiple optional parameters in macros
)
\@tufte@sidenote@vertical@offset=\skip72

(c:/texlive/2017/texmf-dist/tex/latex/placeins/placeins.sty
Package: placeins 2005/04/18  v 2.2
)
\@tufte@margin@floatbox=\box27
\@tufte@figure@box=\box28
\@tufte@caption@box=\box29
\@tufte@caption@vertical@offset=\skip73
\@tufte@float@contents@width=\skip74

(c:/texlive/2017/texmf-dist/tex/latex/psnfss/mathpazo.sty
Package: mathpazo 2005/04/12 PSNFSS-v9.2a Palatino w/ Pazo Math (D.Puga, WaS) 
\symupright=\mathgroup4
)
(c:/texlive/2017/texmf-dist/tex/latex/psnfss/helvet.sty
Package: helvet 2005/04/12 PSNFSS-v9.2a (WaS) 
)
(c:/texlive/2017/texmf-dist/tex/latex/bera/beramono.sty
Package: beramono 2004/01/31 (WaS)
)
(c:/texlive/2017/texmf-dist/tex/latex/base/fontenc.sty
Package: fontenc 2017/04/05 v2.0i Standard LaTeX package

(c:/texlive/2017/texmf-dist/tex/latex/base/t1enc.def
File: t1enc.def 2017/04/05 v2.0i Standard LaTeX file
LaTeX Font Info:    Redeclaring font encoding T1 on input line 48.
))
(c:/texlive/2017/texmf-dist/tex/latex/base/textcomp.sty
Package: textcomp 2017/04/05 v2.0i Standard LaTeX package
Package textcomp Info: Sub-encoding information:
(textcomp)               5 = only ISO-Adobe without \textcurrency
(textcomp)               4 = 5 + \texteuro
(textcomp)               3 = 4 + \textohm
(textcomp)               2 = 3 + \textestimated + \textcurrency
(textcomp)               1 = TS1 - \textcircled - \t
(textcomp)               0 = TS1 (full)
(textcomp)             Font families with sub-encoding setting implement
(textcomp)             only a restricted character set as indicated.
(textcomp)             Family '?' is the default used for unknown fonts.
(textcomp)             See the documentation for details.
Package textcomp Info: Setting ? sub-encoding to TS1/1 on input line 79.

(c:/texlive/2017/texmf-dist/tex/latex/base/ts1enc.def
File: ts1enc.def 2001/06/05 v3.0e (jk/car/fm) Standard LaTeX file
)
LaTeX Info: Redefining \oldstylenums on input line 334.
Package textcomp Info: Setting cmr sub-encoding to TS1/0 on input line 349.
Package textcomp Info: Setting cmss sub-encoding to TS1/0 on input line 350.
Package textcomp Info: Setting cmtt sub-encoding to TS1/0 on input line 351.
Package textcomp Info: Setting cmvtt sub-encoding to TS1/0 on input line 352.
Package textcomp Info: Setting cmbr sub-encoding to TS1/0 on input line 353.
Package textcomp Info: Setting cmtl sub-encoding to TS1/0 on input line 354.
Package textcomp Info: Setting ccr sub-encoding to TS1/0 on input line 355.
Package textcomp Info: Setting ptm sub-encoding to TS1/4 on input line 356.
Package textcomp Info: Setting pcr sub-encoding to TS1/4 on input line 357.
Package textcomp Info: Setting phv sub-encoding to TS1/4 on input line 358.
Package textcomp Info: Setting ppl sub-encoding to TS1/3 on input line 359.
Package textcomp Info: Setting pag sub-encoding to TS1/4 on input line 360.
Package textcomp Info: Setting pbk sub-encoding to TS1/4 on input line 361.
Package textcomp Info: Setting pnc sub-encoding to TS1/4 on input line 362.
Package textcomp Info: Setting pzc sub-encoding to TS1/4 on input line 363.
Package textcomp Info: Setting bch sub-encoding to TS1/4 on input line 364.
Package textcomp Info: Setting put sub-encoding to TS1/5 on input line 365.
Package textcomp Info: Setting uag sub-encoding to TS1/5 on input line 366.
Package textcomp Info: Setting ugq sub-encoding to TS1/5 on input line 367.
Package textcomp Info: Setting ul8 sub-encoding to TS1/4 on input line 368.
Package textcomp Info: Setting ul9 sub-encoding to TS1/4 on input line 369.
Package textcomp Info: Setting augie sub-encoding to TS1/5 on input line 370.
Package textcomp Info: Setting dayrom sub-encoding to TS1/3 on input line 371.
Package textcomp Info: Setting dayroms sub-encoding to TS1/3 on input line 372.

Package textcomp Info: Setting pxr sub-encoding to TS1/0 on input line 373.
Package textcomp Info: Setting pxss sub-encoding to TS1/0 on input line 374.
Package textcomp Info: Setting pxtt sub-encoding to TS1/0 on input line 375.
Package textcomp Info: Setting txr sub-encoding to TS1/0 on input line 376.
Package textcomp Info: Setting txss sub-encoding to TS1/0 on input line 377.
Package textcomp Info: Setting txtt sub-encoding to TS1/0 on input line 378.
Package textcomp Info: Setting lmr sub-encoding to TS1/0 on input line 379.
Package textcomp Info: Setting lmdh sub-encoding to TS1/0 on input line 380.
Package textcomp Info: Setting lmss sub-encoding to TS1/0 on input line 381.
Package textcomp Info: Setting lmssq sub-encoding to TS1/0 on input line 382.
Package textcomp Info: Setting lmvtt sub-encoding to TS1/0 on input line 383.
Package textcomp Info: Setting lmtt sub-encoding to TS1/0 on input line 384.
Package textcomp Info: Setting qhv sub-encoding to TS1/0 on input line 385.
Package textcomp Info: Setting qag sub-encoding to TS1/0 on input line 386.
Package textcomp Info: Setting qbk sub-encoding to TS1/0 on input line 387.
Package textcomp Info: Setting qcr sub-encoding to TS1/0 on input line 388.
Package textcomp Info: Setting qcs sub-encoding to TS1/0 on input line 389.
Package textcomp Info: Setting qpl sub-encoding to TS1/0 on input line 390.
Package textcomp Info: Setting qtm sub-encoding to TS1/0 on input line 391.
Package textcomp Info: Setting qzc sub-encoding to TS1/0 on input line 392.
Package textcomp Info: Setting qhvc sub-encoding to TS1/0 on input line 393.
Package textcomp Info: Setting futs sub-encoding to TS1/4 on input line 394.
Package textcomp Info: Setting futx sub-encoding to TS1/4 on input line 395.
Package textcomp Info: Setting futj sub-encoding to TS1/4 on input line 396.
Package textcomp Info: Setting hlh sub-encoding to TS1/3 on input line 397.
Package textcomp Info: Setting hls sub-encoding to TS1/3 on input line 398.
Package textcomp Info: Setting hlst sub-encoding to TS1/3 on input line 399.
Package textcomp Info: Setting hlct sub-encoding to TS1/5 on input line 400.
Package textcomp Info: Setting hlx sub-encoding to TS1/5 on input line 401.
Package textcomp Info: Setting hlce sub-encoding to TS1/5 on input line 402.
Package textcomp Info: Setting hlcn sub-encoding to TS1/5 on input line 403.
Package textcomp Info: Setting hlcw sub-encoding to TS1/5 on input line 404.
Package textcomp Info: Setting hlcf sub-encoding to TS1/5 on input line 405.
Package textcomp Info: Setting pplx sub-encoding to TS1/3 on input line 406.
Package textcomp Info: Setting pplj sub-encoding to TS1/3 on input line 407.
Package textcomp Info: Setting ptmx sub-encoding to TS1/4 on input line 408.
Package textcomp Info: Setting ptmj sub-encoding to TS1/4 on input line 409.
)
(c:/texlive/2017/texmf-dist/tex/latex/fancyhdr/fancyhdr.sty
Package: fancyhdr 2017/06/30 v3.9a Extensive control of page headers and footer
s
\f@nch@headwidth=\skip75
\f@nch@O@elh=\skip76
\f@nch@O@erh=\skip77
\f@nch@O@olh=\skip78
\f@nch@O@orh=\skip79
\f@nch@O@elf=\skip80
\f@nch@O@erf=\skip81
\f@nch@O@olf=\skip82
\f@nch@O@orf=\skip83
)
\tufteskipamount=\skip84

(c:/texlive/2017/texmf-dist/tex/latex/tools/multicol.sty
Package: multicol 2017/04/11 v1.8q multicolumn formatting (FMi)
\c@tracingmulticols=\count111
\mult@box=\box30
\multicol@leftmargin=\dimen124
\c@unbalance=\count112
\c@collectmore=\count113
\doublecol@number=\count114
\multicoltolerance=\count115
\multicolpretolerance=\count116
\full@width=\dimen125
\page@free=\dimen126
\premulticols=\dimen127
\postmulticols=\dimen128
\multicolsep=\skip85
\multicolbaselineskip=\skip86
\partial@page=\box31
\last@line=\box32
\maxbalancingoverflow=\dimen129
\mult@rightbox=\box33
\mult@grightbox=\box34
\mult@gfirstbox=\box35
\mult@firstbox=\box36
\@tempa=\box37
\@tempa=\box38
\@tempa=\box39
\@tempa=\box40
\@tempa=\box41
\@tempa=\box42
\@tempa=\box43
\@tempa=\box44
\@tempa=\box45
\@tempa=\box46
\@tempa=\box47
\@tempa=\box48
\@tempa=\box49
\@tempa=\box50
\@tempa=\box51
\@tempa=\box52
\@tempa=\box53
\c@columnbadness=\count117
\c@finalcolumnbadness=\count118
\last@try=\dimen130
\multicolovershoot=\dimen131
\multicolundershoot=\dimen132
\mult@nat@firstbox=\box54
\colbreak@box=\box55
\mc@col@check@num=\count119
)))
(../include/RBook.sty

LaTeX Warning: You have requested package `../include/RBook',
               but the package provides `RBook'.

Package: RBook 2013/04/04 Mosaic R Books style
(c:/texlive/2017/texmf-dist/tex/latex/import/import.sty
Package: import 2009/03/23  v 5.1
)
(c:/texlive/2017/texmf-dist/tex/latex/graphics/graphicx.sty
Package: graphicx 2017/06/01 v1.1a Enhanced LaTeX Graphics (DPC,SPQR)

(c:/texlive/2017/texmf-dist/tex/latex/graphics/graphics.sty
Package: graphics 2017/06/25 v1.2c Standard LaTeX Graphics (DPC,SPQR)

(c:/texlive/2017/texmf-dist/tex/latex/graphics/trig.sty
Package: trig 2016/01/03 v1.10 sin cos tan (DPC)
)
(c:/texlive/2017/texmf-dist/tex/latex/graphics-cfg/graphics.cfg
File: graphics.cfg 2016/06/04 v1.11 sample graphics configuration
)
Package graphics Info: Driver file: pdftex.def on input line 99.
)
\Gin@req@height=\dimen133
\Gin@req@width=\dimen134
)
(c:/texlive/2017/texmf-dist/tex/latex/base/alltt.sty
Package: alltt 1997/06/16 v2.0g defines alltt environment
)
(c:/texlive/2017/texmf-dist/tex/latex/mparhack/mparhack.sty
Package: mparhack 2005/04/17 v1.4 (T. Sgouros and S. Ulrich)
)
(c:/texlive/2017/texmf-dist/tex/generic/xstring/xstring.sty
(c:/texlive/2017/texmf-dist/tex/generic/xstring/xstring.tex
\@xs@message=\write3
\integerpart=\count120
\decimalpart=\count121
)
Package: xstring 2013/10/13  v1.7c  String manipulations (C Tellechea)
)
(c:/texlive/2017/texmf-dist/tex/latex/etoolbox/etoolbox.sty
Package: etoolbox 2017/01/02 v2.4 e-TeX tools for LaTeX (JAW)
\etb@tempcnta=\count122
)
(c:/texlive/2017/texmf-dist/tex/latex/framed/framed.sty
Package: framed 2011/10/22 v 0.96: framed or shaded text with page breaks
\OuterFrameSep=\skip87
\fb@frw=\dimen135
\fb@frh=\dimen136
\FrameRule=\dimen137
\FrameSep=\dimen138
)
(../include/probstat.sty

LaTeX Warning: You have requested package `../include/probstat',
               but the package provides `probstat'.

Package: probstat 
(c:/texlive/2017/texmf-dist/tex/latex/amsmath/amsmath.sty
Package: amsmath 2016/11/05 v2.16a AMS math features
\@mathmargin=\skip88

For additional information on amsmath, use the `?' option.
(c:/texlive/2017/texmf-dist/tex/latex/amsmath/amstext.sty
Package: amstext 2000/06/29 v2.01 AMS text

(c:/texlive/2017/texmf-dist/tex/latex/amsmath/amsgen.sty
File: amsgen.sty 1999/11/30 v2.0 generic functions
\@emptytoks=\toks19
\ex@=\dimen139
))
(c:/texlive/2017/texmf-dist/tex/latex/amsmath/amsbsy.sty
Package: amsbsy 1999/11/29 v1.2d Bold Symbols
\pmbraise@=\dimen140
)
(c:/texlive/2017/texmf-dist/tex/latex/amsmath/amsopn.sty
Package: amsopn 2016/03/08 v2.02 operator names
)
\inf@bad=\count123
LaTeX Info: Redefining \frac on input line 213.
\uproot@=\count124
\leftroot@=\count125
LaTeX Info: Redefining \overline on input line 375.
\classnum@=\count126
\DOTSCASE@=\count127
LaTeX Info: Redefining \ldots on input line 472.
LaTeX Info: Redefining \dots on input line 475.
LaTeX Info: Redefining \cdots on input line 596.
\Mathstrutbox@=\box56
\strutbox@=\box57
\big@size=\dimen141
LaTeX Font Info:    Redeclaring font encoding OML on input line 712.
LaTeX Font Info:    Redeclaring font encoding OMS on input line 713.
\macc@depth=\count128
\c@MaxMatrixCols=\count129
\dotsspace@=\muskip11
\c@parentequation=\count130
\dspbrk@lvl=\count131
\tag@help=\toks20
\row@=\count132
\column@=\count133
\maxfields@=\count134
\andhelp@=\toks21
\eqnshift@=\dimen142
\alignsep@=\dimen143
\tagshift@=\dimen144
\tagwidth@=\dimen145
\totwidth@=\dimen146
\lineht@=\dimen147
\@envbody=\toks22
\multlinegap=\skip89
\multlinetaggap=\skip90
\mathdisplay@stack=\toks23
LaTeX Info: Redefining \[ on input line 2817.
LaTeX Info: Redefining \] on input line 2818.
)
(c:/texlive/2017/texmf-dist/tex/latex/tools/bm.sty
Package: bm 2017/01/16 v1.2c Bold Symbol Support (DPC/FMi)
\symboldoperators=\mathgroup5
\symboldletters=\mathgroup6
\symboldsymbols=\mathgroup7
\symboldupright=\mathgroup8
LaTeX Font Info:    Redeclaring math alphabet \mathbf on input line 141.
LaTeX Info: Redefining \bm on input line 207.
)
(c:/texlive/2017/texmf-dist/tex/latex/fancyvrb/fancyvrb.sty
Package: fancyvrb 2008/02/07

Style option: `fancyvrb' v2.7a, with DG/SPQR fixes, and firstline=lastline fix 
<2008/02/07> (tvz)
\FV@CodeLineNo=\count135
\FV@InFile=\read1
\FV@TabBox=\box58
\c@FancyVerbLine=\count136
\FV@StepNumber=\count137
\FV@OutFile=\write4
)
\cwidth=\skip91
) (../include/problems.sty

LaTeX Warning: You have requested package `../include/problems',
               but the package provides `amsprobs'.

Package: amsprobs 2007/12/11 v0.1 problems package (R. Pruim (based on P.Pichau
reau))
(c:/texlive/2017/texmf-dist/tex/latex/tools/xspace.sty
Package: xspace 2014/10/28 v1.13 Space after command names (DPC,MH)
)
\problemset@bin=\box59
\problem@bin=\box60
\solution@bin=\box61
\solutionset@bin=\box62
\studentsolution@bin=\box63
\studentsolutionset@bin=\box64
\c@problemNum=\count138
)
(c:/texlive/2017/texmf-dist/tex/latex/tools/longtable.sty
Package: longtable 2014/10/28 v4.11 Multi-page Table package (DPC)
\LTleft=\skip92
\LTright=\skip93
\LTpre=\skip94
\LTpost=\skip95
\LTchunksize=\count139
\LTcapwidth=\dimen148
\LT@head=\box65
\LT@firsthead=\box66
\LT@foot=\box67
\LT@lastfoot=\box68
\LT@cols=\count140
\LT@rows=\count141
\c@LT@tables=\count142
\c@LT@chunks=\count143
\LT@p@ftn=\toks24
)
(../include/language.sty

LaTeX Warning: You have requested package `../include/language',
               but the package provides `language'.

Package: language 
) (c:/texlive/2017/texmf-dist/tex/latex/pgf/frontendlayer/tikz.sty
(c:/texlive/2017/texmf-dist/tex/latex/pgf/basiclayer/pgf.sty
(c:/texlive/2017/texmf-dist/tex/latex/pgf/utilities/pgfrcs.sty
(c:/texlive/2017/texmf-dist/tex/generic/pgf/utilities/pgfutil-common.tex
\pgfutil@everybye=\toks25
\pgfutil@tempdima=\dimen149
\pgfutil@tempdimb=\dimen150

(c:/texlive/2017/texmf-dist/tex/generic/pgf/utilities/pgfutil-common-lists.tex)
) (c:/texlive/2017/texmf-dist/tex/generic/pgf/utilities/pgfutil-latex.def
\pgfutil@abb=\box69

(c:/texlive/2017/texmf-dist/tex/latex/ms/everyshi.sty
Package: everyshi 2001/05/15 v3.00 EveryShipout Package (MS)
))
(c:/texlive/2017/texmf-dist/tex/generic/pgf/utilities/pgfrcs.code.tex
Package: pgfrcs 2015/08/07 v3.0.1a (rcs-revision 1.31)
))
Package: pgf 2015/08/07 v3.0.1a (rcs-revision 1.15)

(c:/texlive/2017/texmf-dist/tex/latex/pgf/basiclayer/pgfcore.sty
(c:/texlive/2017/texmf-dist/tex/latex/pgf/systemlayer/pgfsys.sty
(c:/texlive/2017/texmf-dist/tex/generic/pgf/systemlayer/pgfsys.code.tex
Package: pgfsys 2014/07/09 v3.0.1a (rcs-revision 1.48)

(c:/texlive/2017/texmf-dist/tex/generic/pgf/utilities/pgfkeys.code.tex
\pgfkeys@pathtoks=\toks26
\pgfkeys@temptoks=\toks27

(c:/texlive/2017/texmf-dist/tex/generic/pgf/utilities/pgfkeysfiltered.code.tex
\pgfkeys@tmptoks=\toks28
))
\pgf@x=\dimen151
\pgf@y=\dimen152
\pgf@xa=\dimen153
\pgf@ya=\dimen154
\pgf@xb=\dimen155
\pgf@yb=\dimen156
\pgf@xc=\dimen157
\pgf@yc=\dimen158
\w@pgf@writea=\write5
\r@pgf@reada=\read2
\c@pgf@counta=\count144
\c@pgf@countb=\count145
\c@pgf@countc=\count146
\c@pgf@countd=\count147
\t@pgf@toka=\toks29
\t@pgf@tokb=\toks30
\t@pgf@tokc=\toks31
 (c:/texlive/2017/texmf-dist/tex/generic/pgf/systemlayer/pgf.cfg
File: pgf.cfg 2008/05/14  (rcs-revision 1.7)
)
Driver file for pgf: pgfsys-pdftex.def

(c:/texlive/2017/texmf-dist/tex/generic/pgf/systemlayer/pgfsys-pdftex.def
File: pgfsys-pdftex.def 2014/10/11  (rcs-revision 1.35)

(c:/texlive/2017/texmf-dist/tex/generic/pgf/systemlayer/pgfsys-common-pdf.def
File: pgfsys-common-pdf.def 2013/10/10  (rcs-revision 1.13)
)))
(c:/texlive/2017/texmf-dist/tex/generic/pgf/systemlayer/pgfsyssoftpath.code.tex
File: pgfsyssoftpath.code.tex 2013/09/09  (rcs-revision 1.9)
\pgfsyssoftpath@smallbuffer@items=\count148
\pgfsyssoftpath@bigbuffer@items=\count149
)
(c:/texlive/2017/texmf-dist/tex/generic/pgf/systemlayer/pgfsysprotocol.code.tex
File: pgfsysprotocol.code.tex 2006/10/16  (rcs-revision 1.4)
)) (c:/texlive/2017/texmf-dist/tex/generic/pgf/basiclayer/pgfcore.code.tex
Package: pgfcore 2010/04/11 v3.0.1a (rcs-revision 1.7)

(c:/texlive/2017/texmf-dist/tex/generic/pgf/math/pgfmath.code.tex
(c:/texlive/2017/texmf-dist/tex/generic/pgf/math/pgfmathcalc.code.tex
(c:/texlive/2017/texmf-dist/tex/generic/pgf/math/pgfmathutil.code.tex)
(c:/texlive/2017/texmf-dist/tex/generic/pgf/math/pgfmathparser.code.tex
\pgfmath@dimen=\dimen159
\pgfmath@count=\count150
\pgfmath@box=\box70
\pgfmath@toks=\toks32
\pgfmath@stack@operand=\toks33
\pgfmath@stack@operation=\toks34
)
(c:/texlive/2017/texmf-dist/tex/generic/pgf/math/pgfmathfunctions.code.tex
(c:/texlive/2017/texmf-dist/tex/generic/pgf/math/pgfmathfunctions.basic.code.te
x)
(c:/texlive/2017/texmf-dist/tex/generic/pgf/math/pgfmathfunctions.trigonometric
.code.tex)
(c:/texlive/2017/texmf-dist/tex/generic/pgf/math/pgfmathfunctions.random.code.t
ex)
(c:/texlive/2017/texmf-dist/tex/generic/pgf/math/pgfmathfunctions.comparison.co
de.tex)
(c:/texlive/2017/texmf-dist/tex/generic/pgf/math/pgfmathfunctions.base.code.tex
)
(c:/texlive/2017/texmf-dist/tex/generic/pgf/math/pgfmathfunctions.round.code.te
x)
(c:/texlive/2017/texmf-dist/tex/generic/pgf/math/pgfmathfunctions.misc.code.tex
)
(c:/texlive/2017/texmf-dist/tex/generic/pgf/math/pgfmathfunctions.integerarithm
etics.code.tex)))
(c:/texlive/2017/texmf-dist/tex/generic/pgf/math/pgfmathfloat.code.tex
\c@pgfmathroundto@lastzeros=\count151
))
(c:/texlive/2017/texmf-dist/tex/generic/pgf/basiclayer/pgfcorepoints.code.tex
File: pgfcorepoints.code.tex 2013/10/07  (rcs-revision 1.27)
\pgf@picminx=\dimen160
\pgf@picmaxx=\dimen161
\pgf@picminy=\dimen162
\pgf@picmaxy=\dimen163
\pgf@pathminx=\dimen164
\pgf@pathmaxx=\dimen165
\pgf@pathminy=\dimen166
\pgf@pathmaxy=\dimen167
\pgf@xx=\dimen168
\pgf@xy=\dimen169
\pgf@yx=\dimen170
\pgf@yy=\dimen171
\pgf@zx=\dimen172
\pgf@zy=\dimen173
)
(c:/texlive/2017/texmf-dist/tex/generic/pgf/basiclayer/pgfcorepathconstruct.cod
e.tex
File: pgfcorepathconstruct.code.tex 2013/10/07  (rcs-revision 1.29)
\pgf@path@lastx=\dimen174
\pgf@path@lasty=\dimen175
)
(c:/texlive/2017/texmf-dist/tex/generic/pgf/basiclayer/pgfcorepathusage.code.te
x
File: pgfcorepathusage.code.tex 2014/11/02  (rcs-revision 1.24)
\pgf@shorten@end@additional=\dimen176
\pgf@shorten@start@additional=\dimen177
)
(c:/texlive/2017/texmf-dist/tex/generic/pgf/basiclayer/pgfcorescopes.code.tex
File: pgfcorescopes.code.tex 2015/05/08  (rcs-revision 1.46)
\pgfpic=\box71
\pgf@hbox=\box72
\pgf@layerbox@main=\box73
\pgf@picture@serial@count=\count152
)
(c:/texlive/2017/texmf-dist/tex/generic/pgf/basiclayer/pgfcoregraphicstate.code
.tex
File: pgfcoregraphicstate.code.tex 2014/11/02  (rcs-revision 1.12)
\pgflinewidth=\dimen178
)
(c:/texlive/2017/texmf-dist/tex/generic/pgf/basiclayer/pgfcoretransformations.c
ode.tex
File: pgfcoretransformations.code.tex 2015/08/07  (rcs-revision 1.20)
\pgf@pt@x=\dimen179
\pgf@pt@y=\dimen180
\pgf@pt@temp=\dimen181
)
(c:/texlive/2017/texmf-dist/tex/generic/pgf/basiclayer/pgfcorequick.code.tex
File: pgfcorequick.code.tex 2008/10/09  (rcs-revision 1.3)
)
(c:/texlive/2017/texmf-dist/tex/generic/pgf/basiclayer/pgfcoreobjects.code.tex
File: pgfcoreobjects.code.tex 2006/10/11  (rcs-revision 1.2)
)
(c:/texlive/2017/texmf-dist/tex/generic/pgf/basiclayer/pgfcorepathprocessing.co
de.tex
File: pgfcorepathprocessing.code.tex 2013/09/09  (rcs-revision 1.9)
)
(c:/texlive/2017/texmf-dist/tex/generic/pgf/basiclayer/pgfcorearrows.code.tex
File: pgfcorearrows.code.tex 2015/05/14  (rcs-revision 1.43)
\pgfarrowsep=\dimen182
)
(c:/texlive/2017/texmf-dist/tex/generic/pgf/basiclayer/pgfcoreshade.code.tex
File: pgfcoreshade.code.tex 2013/07/15  (rcs-revision 1.15)
\pgf@max=\dimen183
\pgf@sys@shading@range@num=\count153
)
(c:/texlive/2017/texmf-dist/tex/generic/pgf/basiclayer/pgfcoreimage.code.tex
File: pgfcoreimage.code.tex 2013/07/15  (rcs-revision 1.18)

(c:/texlive/2017/texmf-dist/tex/generic/pgf/basiclayer/pgfcoreexternal.code.tex
File: pgfcoreexternal.code.tex 2014/07/09  (rcs-revision 1.21)
\pgfexternal@startupbox=\box74
))
(c:/texlive/2017/texmf-dist/tex/generic/pgf/basiclayer/pgfcorelayers.code.tex
File: pgfcorelayers.code.tex 2013/07/18  (rcs-revision 1.7)
)
(c:/texlive/2017/texmf-dist/tex/generic/pgf/basiclayer/pgfcoretransparency.code
.tex
File: pgfcoretransparency.code.tex 2013/09/30  (rcs-revision 1.5)
)
(c:/texlive/2017/texmf-dist/tex/generic/pgf/basiclayer/pgfcorepatterns.code.tex
File: pgfcorepatterns.code.tex 2013/11/07  (rcs-revision 1.5)
)))
(c:/texlive/2017/texmf-dist/tex/generic/pgf/modules/pgfmoduleshapes.code.tex
File: pgfmoduleshapes.code.tex 2014/03/21  (rcs-revision 1.35)
\pgfnodeparttextbox=\box75
)
(c:/texlive/2017/texmf-dist/tex/generic/pgf/modules/pgfmoduleplot.code.tex
File: pgfmoduleplot.code.tex 2015/08/03  (rcs-revision 1.13)
)
(c:/texlive/2017/texmf-dist/tex/latex/pgf/compatibility/pgfcomp-version-0-65.st
y
Package: pgfcomp-version-0-65 2007/07/03 v3.0.1a (rcs-revision 1.7)
\pgf@nodesepstart=\dimen184
\pgf@nodesepend=\dimen185
)
(c:/texlive/2017/texmf-dist/tex/latex/pgf/compatibility/pgfcomp-version-1-18.st
y
Package: pgfcomp-version-1-18 2007/07/23 v3.0.1a (rcs-revision 1.1)
)) (c:/texlive/2017/texmf-dist/tex/latex/pgf/utilities/pgffor.sty
(c:/texlive/2017/texmf-dist/tex/latex/pgf/utilities/pgfkeys.sty
(c:/texlive/2017/texmf-dist/tex/generic/pgf/utilities/pgfkeys.code.tex))
(c:/texlive/2017/texmf-dist/tex/latex/pgf/math/pgfmath.sty
(c:/texlive/2017/texmf-dist/tex/generic/pgf/math/pgfmath.code.tex))
(c:/texlive/2017/texmf-dist/tex/generic/pgf/utilities/pgffor.code.tex
Package: pgffor 2013/12/13 v3.0.1a (rcs-revision 1.25)

(c:/texlive/2017/texmf-dist/tex/generic/pgf/math/pgfmath.code.tex)
\pgffor@iter=\dimen186
\pgffor@skip=\dimen187
\pgffor@stack=\toks35
\pgffor@toks=\toks36
))
(c:/texlive/2017/texmf-dist/tex/generic/pgf/frontendlayer/tikz/tikz.code.tex
Package: tikz 2015/08/07 v3.0.1a (rcs-revision 1.151)

(c:/texlive/2017/texmf-dist/tex/generic/pgf/libraries/pgflibraryplothandlers.co
de.tex
File: pgflibraryplothandlers.code.tex 2013/08/31 v3.0.1a (rcs-revision 1.20)
\pgf@plot@mark@count=\count154
\pgfplotmarksize=\dimen188
)
\tikz@lastx=\dimen189
\tikz@lasty=\dimen190
\tikz@lastxsaved=\dimen191
\tikz@lastysaved=\dimen192
\tikzleveldistance=\dimen193
\tikzsiblingdistance=\dimen194
\tikz@figbox=\box76
\tikz@figbox@bg=\box77
\tikz@tempbox=\box78
\tikz@tempbox@bg=\box79
\tikztreelevel=\count155
\tikznumberofchildren=\count156
\tikznumberofcurrentchild=\count157
\tikz@fig@count=\count158

(c:/texlive/2017/texmf-dist/tex/generic/pgf/modules/pgfmodulematrix.code.tex
File: pgfmodulematrix.code.tex 2013/09/17  (rcs-revision 1.8)
\pgfmatrixcurrentrow=\count159
\pgfmatrixcurrentcolumn=\count160
\pgf@matrix@numberofcolumns=\count161
)
\tikz@expandcount=\count162

(c:/texlive/2017/texmf-dist/tex/generic/pgf/frontendlayer/tikz/libraries/tikzli
brarytopaths.code.tex
File: tikzlibrarytopaths.code.tex 2008/06/17 v3.0.1a (rcs-revision 1.2)
)))
(c:/texlive/2017/texmf-dist/tex/generic/pgf/frontendlayer/tikz/libraries/tikzli
braryshadows.code.tex
File: tikzlibraryshadows.code.tex 2008/01/13 v3.0.1a (rcs-revision 1.3)

(c:/texlive/2017/texmf-dist/tex/generic/pgf/frontendlayer/tikz/libraries/tikzli
braryfadings.code.tex
File: tikzlibraryfadings.code.tex 2009/11/15 v3.0.1a (rcs-revision 1.2)

(c:/texlive/2017/texmf-dist/tex/generic/pgf/libraries/pgflibraryfadings.code.te
x
File: pgflibraryfadings.code.tex 2008/02/07 v3.0.1a (rcs-revision 1.3)
)))
(c:/texlive/2017/texmf-dist/tex/generic/pgf/frontendlayer/tikz/libraries/tikzli
brarydecorations.code.tex
(c:/texlive/2017/texmf-dist/tex/generic/pgf/modules/pgfmoduledecorations.code.t
ex
\pgfdecoratedcompleteddistance=\dimen195
\pgfdecoratedremainingdistance=\dimen196
\pgfdecoratedinputsegmentcompleteddistance=\dimen197
\pgfdecoratedinputsegmentremainingdistance=\dimen198
\pgf@decorate@distancetomove=\dimen199
\pgf@decorate@repeatstate=\count163
\pgfdecorationsegmentamplitude=\dimen256
\pgfdecorationsegmentlength=\dimen257
)
\tikz@lib@dec@box=\box80
)
(c:/texlive/2017/texmf-dist/tex/generic/pgf/frontendlayer/tikz/libraries/tikzli
braryshapes.multipart.code.tex
File: tikzlibraryshapes.multipart.code.tex 2008/01/09 v3.0.1a (rcs-revision 1.1
)

(c:/texlive/2017/texmf-dist/tex/generic/pgf/libraries/shapes/pgflibraryshapes.m
ultipart.code.tex
File: pgflibraryshapes.multipart.code.tex 2010/01/07 v3.0.1a (rcs-revision 1.2)

\pgfnodepartlowerbox=\box81
\pgfnodeparttwobox=\box82
\pgfnodepartthreebox=\box83
\pgfnodepartfourbox=\box84
\pgfnodeparttwentybox=\box85
\pgfnodepartnineteenbox=\box86
\pgfnodeparteighteenbox=\box87
\pgfnodepartseventeenbox=\box88
\pgfnodepartsixteenbox=\box89
\pgfnodepartfifteenbox=\box90
\pgfnodepartfourteenbox=\box91
\pgfnodepartthirteenbox=\box92
\pgfnodeparttwelvebox=\box93
\pgfnodepartelevenbox=\box94
\pgfnodeparttenbox=\box95
\pgfnodepartninebox=\box96
\pgfnodeparteightbox=\box97
\pgfnodepartsevenbox=\box98
\pgfnodepartsixbox=\box99
\pgfnodepartfivebox=\box100
))
(c:/texlive/2017/texmf-dist/tex/generic/pgf/frontendlayer/tikz/libraries/tikzli
braryshapes.symbols.code.tex
File: tikzlibraryshapes.symbols.code.tex 2008/01/09 v3.0.1a (rcs-revision 1.1)

(c:/texlive/2017/texmf-dist/tex/generic/pgf/libraries/shapes/pgflibraryshapes.s
ymbols.code.tex
File: pgflibraryshapes.symbols.code.tex 2013/09/11 v3.0.1a (rcs-revision 1.6)
))
(c:/texlive/2017/texmf-dist/tex/generic/pgf/frontendlayer/tikz/libraries/tikzli
braryshapes.misc.code.tex
File: tikzlibraryshapes.misc.code.tex 2008/01/09 v3.0.1a (rcs-revision 1.1)

(c:/texlive/2017/texmf-dist/tex/generic/pgf/libraries/shapes/pgflibraryshapes.m
isc.code.tex
File: pgflibraryshapes.misc.code.tex 2013/07/18 v3.0.1a (rcs-revision 1.5)
))
(c:/texlive/2017/texmf-dist/tex/generic/pgf/frontendlayer/tikz/libraries/tikzli
braryshapes.geometric.code.tex
File: tikzlibraryshapes.geometric.code.tex 2008/01/09 v3.0.1a (rcs-revision 1.1
)

(c:/texlive/2017/texmf-dist/tex/generic/pgf/libraries/shapes/pgflibraryshapes.g
eometric.code.tex
File: pgflibraryshapes.geometric.code.tex 2008/06/26 v3.0.1a (rcs-revision 1.1)

)) (c:/texlive/2017/texmf-dist/tex/generic/babel/babel.sty
Package: babel 2017/06/29 3.12 The Babel package

(c:/texlive/2017/texmf-dist/tex/generic/babel/switch.def
File: switch.def 2017/06/29 3.12 Babel switching mechanism
)
(c:/texlive/2017/texmf-dist/tex/generic/babel-spanish/spanish.ldf
Language: spanish.ldf 2016/03/03 v5.0p Spanish support from the babel system

(c:/texlive/2017/texmf-dist/tex/generic/babel/babel.def
File: babel.def 2017/06/29 3.12 Babel common definitions

(c:/texlive/2017/texmf-dist/tex/generic/babel/switch.def
File: switch.def 2017/06/29 3.12 Babel switching mechanism
)
\babel@savecnt=\count164
\U@D=\dimen258
)
\es@quottoks=\toks37
\es@quotdepth=\count165
Package babel Info: Making " an active character on input line 561.
Package babel Info: Making . an active character on input line 662.
Package babel Info: Making < an active character on input line 707.
Package babel Info: Making > an active character on input line 707.
Package babel Info: Making ' an active character on input line 725.
))
(c:/texlive/2017/texmf-dist/tex/latex/base/inputenc.sty
Package: inputenc 2015/03/17 v1.2c Input encoding file
\inpenc@prehook=\toks38
\inpenc@posthook=\toks39

(c:/texlive/2017/texmf-dist/tex/latex/base/latin1.def
File: latin1.def 2015/03/17 v1.2c Input encoding file
))
(c:/texlive/2017/texmf-dist/tex/latex/underscore/underscore.sty
Package: underscore 2006/09/13
LaTeX Info: Redefining \_ on input line 42.
)
\c@examplenum=\count166
\c@myenumi=\count167
\tempfmlength=\skip96
\fmbox=\box101

(c:/texlive/2017/texmf-dist/tex/latex/base/makeidx.sty
Package: makeidx 2014/09/29 v1.0m Standard LaTeX package
)
\@indexfile=\write6
\openout6 = `MOSAIC-StudentGuide.idx'.


Writing index file MOSAIC-StudentGuide.idx
) (c:/texlive/2017/texmf-dist/tex/latex/pdfpages/pdfpages.sty
Package: pdfpages 2017/06/14 v0.5i Insert pages of external PDF documents (AM)

(c:/texlive/2017/texmf-dist/tex/latex/eso-pic/eso-pic.sty
Package: eso-pic 2015/07/21 v2.0g eso-pic (RN)
)
\AM@pagewidth=\dimen259
\AM@pageheight=\dimen260

(c:/texlive/2017/texmf-dist/tex/latex/pdfpages/pppdftex.def
File: pppdftex.def 2017/06/14 v0.5i Pdfpages driver for pdfTeX (AM)
)
\AM@pagebox=\box102
\AM@global@opts=\toks40
\AM@toc@title=\toks41
\c@AM@survey=\count168
\AM@templatesizebox=\box103
)
(../include/authNote.sty

LaTeX Warning: You have requested package `../include/authNote',
               but the package provides `authNote'.

Package: authNote 2005/06/14 1.0 (RJP)
\tempTok=\toks42
\c@noteNum=\count169
\noteFile=\write7
\openout7 = `MOSAIC-StudentGuide.notes'.

) (c:/texlive/2017/texmf-dist/tex/latex/base/fontenc.sty
Package: fontenc 2017/04/05 v2.0i Standard LaTeX package

(c:/texlive/2017/texmf-dist/tex/latex/base/t1enc.def
File: t1enc.def 2017/04/05 v2.0i Standard LaTeX file
LaTeX Font Info:    Redeclaring font encoding T1 on input line 48.
))
(c:/texlive/2017/texmf-dist/tex/latex/oberdiek/selinput.sty
Package: selinput 2016/05/17 v1.4 Semi-automatic input encoding detection (HO)

(c:/texlive/2017/texmf-dist/tex/generic/oberdiek/stringenc.sty
Package: stringenc 2016/05/16 v1.11 Convert strings between diff. encodings (HO
)
))
(c:/PROGRA~1/R/R-34~1.1/share/texmf/tex/latex/Sweave.sty
Package: Sweave 

(c:/texlive/2017/texmf-dist/tex/latex/base/fontenc.sty
Package: fontenc 2017/04/05 v2.0i Standard LaTeX package

(c:/texlive/2017/texmf-dist/tex/latex/base/t1enc.def
File: t1enc.def 2017/04/05 v2.0i Standard LaTeX file
LaTeX Font Info:    Redeclaring font encoding T1 on input line 48.
))
(c:/texlive/2017/texmf-dist/tex/latex/ae/ae.sty
Package: ae 2001/02/12 1.3 Almost European Computer Modern

(c:/texlive/2017/texmf-dist/tex/latex/base/fontenc.sty
Package: fontenc 2017/04/05 v2.0i Standard LaTeX package

(c:/texlive/2017/texmf-dist/tex/latex/base/t1enc.def
File: t1enc.def 2017/04/05 v2.0i Standard LaTeX file
LaTeX Font Info:    Redeclaring font encoding T1 on input line 48.
)
LaTeX Font Info:    Try loading font information for T1+aer on input line 105.

(c:/texlive/2017/texmf-dist/tex/latex/ae/t1aer.fd
File: t1aer.fd 1997/11/16 Font definitions for T1/aer.
))))
(./MOSAIC-StudentGuide.aux
LaTeX Info: Redefining \. on input line 26.
LaTeX Info: Redefining \% on input line 26.
)
\openout1 = `MOSAIC-StudentGuide.aux'.

LaTeX Font Info:    Checking defaults for OML/cmm/m/it on input line 93.
LaTeX Font Info:    ... okay on input line 93.
LaTeX Font Info:    Checking defaults for T1/cmr/m/n on input line 93.
LaTeX Font Info:    ... okay on input line 93.
LaTeX Font Info:    Checking defaults for OT1/cmr/m/n on input line 93.
LaTeX Font Info:    ... okay on input line 93.
LaTeX Font Info:    Checking defaults for OMS/cmsy/m/n on input line 93.
LaTeX Font Info:    ... okay on input line 93.
LaTeX Font Info:    Checking defaults for OMX/cmex/m/n on input line 93.
LaTeX Font Info:    ... okay on input line 93.
LaTeX Font Info:    Checking defaults for U/cmr/m/n on input line 93.
LaTeX Font Info:    ... okay on input line 93.
LaTeX Font Info:    Checking defaults for PD1/pdf/m/n on input line 93.
LaTeX Font Info:    ... okay on input line 93.
LaTeX Font Info:    Checking defaults for PU/pdf/m/n on input line 93.
LaTeX Font Info:    ... okay on input line 93.
LaTeX Font Info:    Checking defaults for TS1/cmr/m/n on input line 93.
LaTeX Font Info:    Try loading font information for TS1+cmr on input line 93.

(c:/texlive/2017/texmf-dist/tex/latex/base/ts1cmr.fd
File: ts1cmr.fd 2014/09/29 v2.5h Standard LaTeX font definitions
)
LaTeX Font Info:    ... okay on input line 93.
\AtBeginShipoutBox=\box104
Package hyperref Info: Link coloring OFF on input line 93.

(c:/texlive/2017/texmf-dist/tex/latex/hyperref/nameref.sty
Package: nameref 2016/05/21 v2.44 Cross-referencing by name of section

(c:/texlive/2017/texmf-dist/tex/generic/oberdiek/gettitlestring.sty
Package: gettitlestring 2016/05/16 v1.5 Cleanup title references (HO)
)
\c@section@level=\count170
)
LaTeX Info: Redefining \ref on input line 93.
LaTeX Info: Redefining \pageref on input line 93.
LaTeX Info: Redefining \nameref on input line 93.

(./MOSAIC-StudentGuide.out) (./MOSAIC-StudentGuide.out)
\@outlinefile=\write8
\openout8 = `MOSAIC-StudentGuide.out'.


ABD: EverySelectfont initializing macros
LaTeX Info: Redefining \selectfont on input line 93.

*geometry* driver: auto-detecting
*geometry* detected driver: pdftex
*geometry* verbose mode - [ preamble ] result:
* driver: pdftex
* paper: letterpaper
* layout: <same size as paper>
* layoutoffset:(h,v)=(0.0pt,0.0pt)
* modes: twoside asymmetric 
* h-part:(L,W,R)=(72.26999pt, 312.0pt, 230.02501pt)
* v-part:(T,H,B)=(72.26999pt, 616.0pt, 106.7pt)
* \paperwidth=614.295pt
* \paperheight=794.96999pt
* \textwidth=312.0pt
* \textheight=616.0pt
* \oddsidemargin=0.0pt
* \evensidemargin=0.0pt
* \topmargin=-42.0pt
* \headheight=14.0pt
* \headsep=28.0pt
* \topskip=10.0pt
* \footskip=25.29494pt
* \marginparwidth=144.0pt
* \marginparsep=24.0pt
* \columnsep=10.0pt
* \skip\footins=9.0pt plus 4.0pt minus 2.0pt
* \hoffset=0.0pt
* \voffset=0.0pt
* \mag=1000
* \@twocolumnfalse
* \@twosidetrue
* \@mparswitchfalse
* \@reversemarginfalse
* (1in=72.27pt=25.4mm, 1cm=28.453pt)

(c:/texlive/2017/texmf-dist/tex/context/base/mkii/supp-pdf.mkii
[Loading MPS to PDF converter (version 2006.09.02).]
\scratchcounter=\count171
\scratchdimen=\dimen261
\scratchbox=\box105
\nofMPsegments=\count172
\nofMParguments=\count173
\everyMPshowfont=\toks43
\MPscratchCnt=\count174
\MPscratchDim=\dimen262
\MPnumerator=\count175
\makeMPintoPDFobject=\count176
\everyMPtoPDFconversion=\toks44
) (c:/texlive/2017/texmf-dist/tex/latex/oberdiek/epstopdf-base.sty
Package: epstopdf-base 2016/05/15 v2.6 Base part for package epstopdf

(c:/texlive/2017/texmf-dist/tex/latex/oberdiek/grfext.sty
Package: grfext 2016/05/16 v1.2 Manage graphics extensions (HO)
)
Package epstopdf-base Info: Redefining graphics rule for `.eps' on input line 4
38.
Package grfext Info: Graphics extension search list:
(grfext)             [.pdf,.png,.jpg,.mps,.jpeg,.jbig2,.jb2,.PDF,.PNG,.JPG,.JPE
G,.JBIG2,.JB2,.eps]
(grfext)             \AppendGraphicsExtensions on input line 456.

(c:/texlive/2017/texmf-dist/tex/latex/latexconfig/epstopdf-sys.cfg
File: epstopdf-sys.cfg 2010/07/13 v1.3 Configuration of (r)epstopdf for TeX Liv
e
))
\langwohyphens=\language84

ABD: EveryShipout initializing macros
LaTeX Info: Redefining \. on input line 93.
LaTeX Info: Redefining \% on input line 93.

(c:/texlive/2017/texmf-dist/tex/latex/oberdiek/pdflscape.sty
Package: pdflscape 2016/05/14 v0.11 Display of landscape pages in PDF (HO)

(c:/texlive/2017/texmf-dist/tex/latex/graphics/lscape.sty
Package: lscape 2000/10/22 v3.01 Landscape Pages (DPC)
)
Package pdflscape Info: Auto-detected driver: pdftex on input line 81.
)
(./MOSAIC-StudentGuide-concordance.tex)
LaTeX Font Info:    Try loading font information for T1+aess on input line 104.


(c:/texlive/2017/texmf-dist/tex/latex/ae/t1aess.fd
File: t1aess.fd 1997/11/16 Font definitions for T1/aess.
)
Overfull \hbox (5.48358pt too wide) in paragraph at lines 104--104
[][] \T1/aess/m/n/18/200ls NI-CHO-LAS J. HOR-TON, DA-NIEL KA-PLAN, AND 
 []


Overfull \hbox (43.53516pt too wide) in paragraph at lines 104--104
[]\T1/aess/m/n/36/200ls UNA GUÍA DE ES-TU-DIAN- 
 []

[1


{c:/texlive/2017/texmf-var/fonts/map/pdftex/updmap/pdftex.map}]
Underfull \hbox (badness 10000) in paragraph at lines 110--110
\T1/aer/m/n/12 La tra-duc-ción al es-pa-ñol de es-te li-bro fue rea-li-za-da
 []


Underfull \hbox (badness 10000) in paragraph at lines 110--110
\T1/aer/m/n/12 por Fran-cis-co Ja-vier Ja-ra Ávi-la. En ca-so de en-con-trar
 []


Underfull \hbox (badness 10000) in paragraph at lines 110--110
\T1/aer/m/n/12 erro-res en la mis-ma, sién-ta-se li-bre de es-cri-bir a fja-raa
-vi-
 []

LaTeX Font Info:    Try loading font information for OT1+pplx on input line 110
.
(c:/texlive/2017/texmf-dist/tex/latex/psnfss/ot1pplx.fd
File: ot1pplx.fd 2004/09/06 font definitions for OT1/pplx.
)
LaTeX Font Info:    Try loading font information for OML+zplm on input line 110
.

(c:/texlive/2017/texmf-dist/tex/latex/psnfss/omlzplm.fd
File: omlzplm.fd 2002/09/08 Fontinst v1.914 font definitions for OML/zplm.
)
LaTeX Font Info:    Try loading font information for OMS+zplm on input line 110
.

(c:/texlive/2017/texmf-dist/tex/latex/psnfss/omszplm.fd
File: omszplm.fd 2002/09/08 Fontinst v1.914 font definitions for OMS/zplm.
)
LaTeX Font Info:    Try loading font information for OMX+zplm on input line 110
.

(c:/texlive/2017/texmf-dist/tex/latex/psnfss/omxzplm.fd
File: omxzplm.fd 2002/09/08 Fontinst v1.914 font definitions for OMX/zplm.
)
LaTeX Font Info:    Try loading font information for OT1+zplm on input line 110
.

(c:/texlive/2017/texmf-dist/tex/latex/psnfss/ot1zplm.fd
File: ot1zplm.fd 2002/09/08 Fontinst v1.914 font definitions for OT1/zplm.
)
Underfull \hbox (badness 10000) in paragraph at lines 114--114
\T1/aer/m/n/12 Copyright (c) 2015 by Ni-cho-las J. Hor-ton, Ran-dall
 []

LaTeX Font Info:    Try loading font information for T1+aett on input line 123.

(c:/texlive/2017/texmf-dist/tex/latex/ae/t1aett.fd
File: t1aett.fd 1997/11/16 Font definitions for T1/aett.
)
Underfull \hbox (badness 10000) in paragraph at lines 123--123
\T1/aer/m/n/12 This ma-te-rial is copy-righ-ted by the aut-hors un-der a
 []


Underfull \hbox (badness 10000) in paragraph at lines 123--123
\T1/aer/m/n/12 Crea-ti-ve Com-mons At-tri-bu-tion 3.0 Un-por-ted Li-cen-se.
 []


Underfull \hbox (badness 10000) in paragraph at lines 123--123
\T1/aer/m/n/12 You are free to \T1/aer/m/it/12 Sha-re \T1/aer/m/n/12 (to copy, 
dis-tri-bu-te and trans-
 []


Underfull \hbox (badness 10000) in paragraph at lines 123--123
\T1/aer/m/n/12 mit the work) and to \T1/aer/m/it/12 Re-mix \T1/aer/m/n/12 (to a
dapt the work) if
 []


Underfull \hbox (badness 10000) in paragraph at lines 123--123
\T1/aer/m/n/12 you at-tri-bu-te our work. Mo-re de-tai-led in-for-ma-tion
 []


Underfull \hbox (badness 10000) in paragraph at lines 123--123
\T1/aer/m/n/12 about the li-cen-sing is avai-la-ble at this web pa-ge: []$\T1/a
ett/m/n/12 http :
 []

[2

] (./MOSAIC-StudentGuide.toc
LaTeX Info: Redefining \. on input line 1.
LaTeX Info: Redefining \% on input line 1.
 [3

])
\tf@toc=\write9
\openout9 = `MOSAIC-StudentGuide.toc'.

 [4]

LaTeX Warning: Marginpar on page 5 moved.


LaTeX Warning: Marginpar on page 5 moved.


LaTeX Warning: Marginpar on page 5 moved.


LaTeX Warning: Marginpar on page 5 moved.


Overfull \hbox (3.32996pt too wide) in paragraph at lines 142--142
 []  
 []


LaTeX Warning: Marginpar on page 5 moved.

[5

]
Overfull \hbox (3.32996pt too wide) in paragraph at lines 179--179
 []  
 []

[6]

LaTeX Warning: Marginpar on page 7 moved.


LaTeX Warning: Marginpar on page 7 moved.


Overfull \hbox (3.32996pt too wide) in paragraph at lines 202--202
 []  
 []


LaTeX Warning: Marginpar on page 7 moved.


Overfull \hbox (11.76854pt too wide) in paragraph at lines 206--207
\T1/aer/m/n/12 2016, uti-li-zan-do: knitr, ver-sión 1.13.2 mo-saic, ver-sión 0.
14.9000 
 []

[7] [8] [9] [10

]

LaTeX Warning: Marginpar on page 11 moved.

[11]

LaTeX Warning: Marginpar on page 12 moved.

[12]
Cap\'{\i }tulo 1.

LaTeX Warning: Marginpar on page 13 moved.

[13

]

LaTeX Warning: Marginpar on page 14 moved.


LaTeX Warning: Marginpar on page 14 moved.


LaTeX Warning: Marginpar on page 14 moved.


LaTeX Warning: Marginpar on page 14 moved.


LaTeX Warning: Marginpar on page 14 moved.


LaTeX Warning: Marginpar on page 14 moved.


LaTeX Warning: Marginpar on page 14 moved.


LaTeX Warning: Marginpar on page 14 moved.

[14]
Cap\'{\i }tulo 2.

LaTeX Warning: Marginpar on page 15 moved.


Overfull \hbox (3.32996pt too wide) in paragraph at lines 351--351
 []  
 []


Overfull \hbox (3.32996pt too wide) in paragraph at lines 362--362
 []  
 []


LaTeX Warning: Marginpar on page 15 moved.


LaTeX Warning: Marginpar on page 15 moved.

[15

]

LaTeX Warning: Marginpar on page 16 moved.


Overfull \hbox (1.64638pt too wide) in paragraph at lines 410--413
[]\T1/aess/m/n/12 R \T1/aer/m/n/12 se pue-de ob-te-ner tam-bién de []$\T1/aett/
m/n/12 http : / / cran . r-[]project . 
 []


Overfull \hbox (0.10896pt too wide) in paragraph at lines 414--414
|[]\T1/aer/m/it/17.28 Conectándose al ser-vi-dor de RS-tu-dio| 
 []

[16]

LaTeX Warning: Marginpar on page 17 moved.


LaTeX Warning: Marginpar on page 17 moved.


LaTeX Warning: Marginpar on page 17 moved.

<rstudio-login.png, id=453, 647.41875pt x 512.91624pt>
File: rstudio-login.png Graphic file (type png)
<use rstudio-login.png>
Package pdftex.def Info: rstudio-login.png  used on input line 425. on input li
ne 425.
Package pdftex.def Info: Requested size: 313.65154pt x 248.49016pt on input lin
e 425.

Overfull \hbox (16.64787pt too wide) in paragraph at lines 425--426
[][]  
 []

<rstudio-init.png, id=454, 929.4725pt x 618.31pt>
File: rstudio-init.png Graphic file (type png)
<use rstudio-init.png>
Package pdftex.def Info: rstudio-init.png  used on input line 430. on input lin
e 430.
Package pdftex.def Info: Requested size: 313.65154pt x 208.64703pt on input lin
e 430.

Overfull \hbox (16.64787pt too wide) in paragraph at lines 430--431
[][]  
 []


Underfull \vbox (badness 10000) has occurred while \output is active []

 [17 <./rstudio-login.png> <./rstudio-init.png>]

LaTeX Warning: Marginpar on page 18 moved.

[18] [19]
Underfull \vbox (badness 10000) has occurred while \output is active []

 [20]
<markdown1.png, id=475, 489.83pt x 506.89375pt>
File: markdown1.png Graphic file (type png)
<use markdown1.png>
Package pdftex.def Info: markdown1.png  used on input line 598. on input line 5
98.
Package pdftex.def Info: Requested size: 313.65154pt x 324.58105pt on input lin
e 598.

Overfull \hbox (16.64787pt too wide) in paragraph at lines 598--599
[][]  
 []


Underfull \vbox (badness 10000) has occurred while \output is active []

 [21 <./markdown1.png>]
<markdown2.png, id=481, 734.745pt x 549.05125pt>
File: markdown2.png Graphic file (type png)
<use markdown2.png>
Package pdftex.def Info: markdown2.png  used on input line 602. on input line 6
02.
Package pdftex.def Info: Requested size: 313.65154pt x 234.38673pt on input lin
e 602.

Overfull \hbox (16.64787pt too wide) in paragraph at lines 602--603
[][]  
 []


Overfull \hbox (1.87764pt too wide) in paragraph at lines 605--606
[]\T1/aer/m/n/12 Presione el bo-tón de \T1/aess/m/n/12 Knit \T1/aer/m/n/12 pa-r
a con-ver-tir a ar-chi-vo HTML, 
 []

<markdown3.png, id=482, 507.8975pt x 341.275pt>
File: markdown3.png Graphic file (type png)
<use markdown3.png>
Package pdftex.def Info: markdown3.png  used on input line 607. on input line 6
07.
Package pdftex.def Info: Requested size: 313.65154pt x 210.76031pt on input lin
e 607.

Overfull \hbox (16.64787pt too wide) in paragraph at lines 607--608
[][]  
 []

<markdown4.png, id=483, 799.98875pt x 505.89pt>
File: markdown4.png Graphic file (type png)
<use markdown4.png>
Package pdftex.def Info: markdown4.png  used on input line 611. on input line 6
11.
Package pdftex.def Info: Requested size: 313.65154pt x 198.34612pt on input lin
e 611.

Overfull \hbox (16.64787pt too wide) in paragraph at lines 611--612
[][]  
 []


Underfull \vbox (badness 10000) has occurred while \output is active []

 [22 <./markdown2.png> <./markdown3.png>]
Overfull \hbox (3.32996pt too wide) in paragraph at lines 616--616
 []  
 []


LaTeX Warning: Marginpar on page 23 moved.

[23 <./markdown4.png>] [24]
<MOSAIC-StudentGuide-012.pdf, id=501, pagebox=cropbox, 433.62pt x 433.62pt>
File: MOSAIC-StudentGuide-012.pdf Graphic file (type pdf)
<use MOSAIC-StudentGuide-012.pdf>
Package pdftex.def Info: MOSAIC-StudentGuide-012.pdf  used on input line 660. o
n input line 660.
Package pdftex.def Info: Requested size: 249.60095pt x 249.60083pt on input lin
e 660.

Underfull \vbox (badness 10000) has occurred while \output is active []

 [25 <./MOSAIC-StudentGuide-012.pdf>] [26]
Cap\'{\i }tulo 3.

Overfull \hbox (3.32996pt too wide) in paragraph at lines 699--699
 []  
 []


LaTeX Warning: Marginpar on page 27 moved.

[27

]
Overfull \hbox (3.32996pt too wide) in paragraph at lines 760--760
 []  
 []


LaTeX Warning: Marginpar on page 28 moved.

[28]
Overfull \hbox (3.32996pt too wide) in paragraph at lines 839--839
 []  
 []


LaTeX Warning: Marginpar on page 29 moved.

LaTeX Font Info:    Try loading font information for TS1+aett on input line 845
.
(c:/PROGRA~1/R/R-34~1.1/share/texmf/tex/latex/ts1aett.fd
File: ts1aett.fd 
)
LaTeX Font Info:    Try loading font information for TS1+cmtt on input line 845
.

(c:/texlive/2017/texmf-dist/tex/latex/base/ts1cmtt.fd
File: ts1cmtt.fd 2014/09/29 v2.5h Standard LaTeX font definitions
)
LaTeX Font Info:    Font shape `TS1/aett/m/sl' in size <12> not available
(Font)              Font shape `TS1/cmtt/m/sl' tried instead on input line 845.

 [29]
<MOSAIC-StudentGuide-women-cesd-hist.pdf, id=532, pagebox=cropbox, 433.62pt x 4
33.62pt>
File: MOSAIC-StudentGuide-women-cesd-hist.pdf Graphic file (type pdf)
<use MOSAIC-StudentGuide-women-cesd-hist.pdf>
Package pdftex.def Info: MOSAIC-StudentGuide-women-cesd-hist.pdf  used on input
 line 879. on input line 879.
Package pdftex.def Info: Requested size: 249.60095pt x 249.60083pt on input lin
e 879.
<MOSAIC-StudentGuide-cesd-male-female.pdf, id=533, pagebox=cropbox, 433.62pt x 
433.62pt>
File: MOSAIC-StudentGuide-cesd-male-female.pdf Graphic file (type pdf)
<use MOSAIC-StudentGuide-cesd-male-female.pdf>
Package pdftex.def Info: MOSAIC-StudentGuide-cesd-male-female.pdf  used on inpu
t line 887. on input line 887.
Package pdftex.def Info: Requested size: 249.60095pt x 249.60083pt on input lin
e 887.

Underfull \vbox (badness 10000) has occurred while \output is active []

 [30 <./MOSAIC-StudentGuide-women-cesd-hist.pdf>]
<MOSAIC-StudentGuide-cesd-dotlayout.pdf, id=543, pagebox=cropbox, 433.62pt x 43
3.62pt>
File: MOSAIC-StudentGuide-cesd-dotlayout.pdf Graphic file (type pdf)
<use MOSAIC-StudentGuide-cesd-dotlayout.pdf>
Package pdftex.def Info: MOSAIC-StudentGuide-cesd-dotlayout.pdf  used on input 
line 897. on input line 897.
Package pdftex.def Info: Requested size: 249.60095pt x 249.60083pt on input lin
e 897.
 [31 <./MOSAIC-StudentGuide-cesd-male-female.pdf> <./MOSAIC-StudentGuide-cesd-d
otlayout.pdf>]
<MOSAIC-StudentGuide-cesd-dotwidth.pdf, id=559, pagebox=cropbox, 433.62pt x 433
.62pt>
File: MOSAIC-StudentGuide-cesd-dotwidth.pdf Graphic file (type pdf)
<use MOSAIC-StudentGuide-cesd-dotwidth.pdf>
Package pdftex.def Info: MOSAIC-StudentGuide-cesd-dotwidth.pdf  used on input l
ine 918. on input line 918.
Package pdftex.def Info: Requested size: 249.60095pt x 249.60083pt on input lin
e 918.
<MOSAIC-StudentGuide-cesd-dot4.pdf, id=560, pagebox=cropbox, 433.62pt x 433.62p
t>
File: MOSAIC-StudentGuide-cesd-dot4.pdf Graphic file (type pdf)
<use MOSAIC-StudentGuide-cesd-dot4.pdf>
Package pdftex.def Info: MOSAIC-StudentGuide-cesd-dot4.pdf  used on input line 
929. on input line 929.
Package pdftex.def Info: Requested size: 249.60095pt x 249.60083pt on input lin
e 929.

Underfull \vbox (badness 10000) has occurred while \output is active []

 [32 <./MOSAIC-StudentGuide-cesd-dotwidth.pdf>]

LaTeX Warning: Marginpar on page 33 moved.


Overfull \hbox (3.32996pt too wide) in paragraph at lines 938--938
 []  
 []


LaTeX Warning: Marginpar on page 33 moved.


LaTeX Warning: Marginpar on page 33 moved.

<MOSAIC-StudentGuide-dens1.pdf, id=570, pagebox=cropbox, 433.62pt x 433.62pt>
File: MOSAIC-StudentGuide-dens1.pdf Graphic file (type pdf)
<use MOSAIC-StudentGuide-dens1.pdf>
Package pdftex.def Info: MOSAIC-StudentGuide-dens1.pdf  used on input line 953.
 on input line 953.
Package pdftex.def Info: Requested size: 249.60095pt x 249.60083pt on input lin
e 953.

Underfull \vbox (badness 10000) has occurred while \output is active []

 [33 <./MOSAIC-StudentGuide-cesd-dot4.pdf>]
<MOSAIC-StudentGuide-poly.pdf, id=580, pagebox=cropbox, 433.62pt x 433.62pt>
File: MOSAIC-StudentGuide-poly.pdf Graphic file (type pdf)
<use MOSAIC-StudentGuide-poly.pdf>
Package pdftex.def Info: MOSAIC-StudentGuide-poly.pdf  used on input line 967. 
on input line 967.
Package pdftex.def Info: Requested size: 249.60095pt x 249.60083pt on input lin
e 967.

Underfull \vbox (badness 10000) has occurred while \output is active []

 [34 <./MOSAIC-StudentGuide-dens1.pdf>]

LaTeX Warning: Marginpar on page 35 moved.

[35 <./MOSAIC-StudentGuide-poly.pdf>]
Overfull \hbox (3.32996pt too wide) in paragraph at lines 1024--1024
 []  
 []


LaTeX Warning: Marginpar on page 36 moved.


LaTeX Warning: Marginpar on page 36 moved.


LaTeX Warning: Marginpar on page 36 moved.


LaTeX Warning: Marginpar on page 36 moved.

[36] [37] [38

]
Cap\'{\i }tulo 4.

Overfull \hbox (3.32996pt too wide) in paragraph at lines 1094--1094
 []  
 []


LaTeX Warning: Marginpar on page 39 moved.

[39] [40]
Overfull \hbox (3.32996pt too wide) in paragraph at lines 1213--1213
 []  
 []


LaTeX Warning: Marginpar on page 41 moved.


Overfull \hbox (3.32996pt too wide) in paragraph at lines 1254--1254
 []  
 []


Underfull \hbox (badness 1430) in paragraph at lines 1254--1254
\T1/aer/m/n/10 Escribimos []\T1/aett/m/n/10 ho-me- 
 []


LaTeX Warning: Marginpar on page 41 moved.


LaTeX Warning: Marginpar on page 41 moved.


LaTeX Warning: Marginpar on page 41 moved.

[41]
Overfull \hbox (3.32996pt too wide) in paragraph at lines 1299--1299
 []  
 []


LaTeX Warning: Marginpar on page 42 moved.

[42]

LaTeX Warning: Marginpar on page 43 moved.


LaTeX Warning: Marginpar on page 43 moved.

[43] [44

]
Cap\'{\i }tulo 5.

LaTeX Warning: Marginpar on page 45 moved.

<MOSAIC-StudentGuide-HELPrct-xyplot.pdf, id=639, pagebox=cropbox, 433.62pt x 43
3.62pt>
File: MOSAIC-StudentGuide-HELPrct-xyplot.pdf Graphic file (type pdf)
<use MOSAIC-StudentGuide-HELPrct-xyplot.pdf>
Package pdftex.def Info: MOSAIC-StudentGuide-HELPrct-xyplot.pdf  used on input 
line 1415. on input line 1415.
Package pdftex.def Info: Requested size: 249.60095pt x 249.60083pt on input lin
e 1415.

Underfull \vbox (badness 10000) has occurred while \output is active []

 [45]
Overfull \hbox (3.32996pt too wide) in paragraph at lines 1417--1417
 []  
 []


LaTeX Warning: Marginpar on page 46 moved.

<MOSAIC-StudentGuide-053.pdf, id=645, pagebox=cropbox, 433.62pt x 433.62pt>
File: MOSAIC-StudentGuide-053.pdf Graphic file (type pdf)
<use MOSAIC-StudentGuide-053.pdf>
Package pdftex.def Info: MOSAIC-StudentGuide-053.pdf  used on input line 1433. 
on input line 1433.
Package pdftex.def Info: Requested size: 249.60095pt x 249.60083pt on input lin
e 1433.

Underfull \vbox (badness 10000) has occurred while \output is active []

 [46 <./MOSAIC-StudentGuide-HELPrct-xyplot.pdf>] [47 <./MOSAIC-StudentGuide-053
.pdf>]

LaTeX Warning: Marginpar on page 48 moved.

<MOSAIC-StudentGuide-056.pdf, id=664, pagebox=cropbox, 433.62pt x 433.62pt>
File: MOSAIC-StudentGuide-056.pdf Graphic file (type pdf)
<use MOSAIC-StudentGuide-056.pdf>
Package pdftex.def Info: MOSAIC-StudentGuide-056.pdf  used on input line 1488. 
on input line 1488.
Package pdftex.def Info: Requested size: 249.60095pt x 249.60083pt on input lin
e 1488.

LaTeX Warning: Marginpar on page 48 moved.


LaTeX Warning: Marginpar on page 48 moved.

[48 <./MOSAIC-StudentGuide-056.pdf>]

LaTeX Warning: Marginpar on page 49 moved.

<MOSAIC-StudentGuide-HELPrct-resid-qq.pdf, id=675, pagebox=cropbox, 433.62pt x 
433.62pt>
File: MOSAIC-StudentGuide-HELPrct-resid-qq.pdf Graphic file (type pdf)
<use MOSAIC-StudentGuide-HELPrct-resid-qq.pdf>
Package pdftex.def Info: MOSAIC-StudentGuide-HELPrct-resid-qq.pdf  used on inpu
t line 1593. on input line 1593.
Package pdftex.def Info: Requested size: 249.60095pt x 249.60083pt on input lin
e 1593.
[49]
<MOSAIC-StudentGuide-HELPrct-resid-plot.pdf, id=681, pagebox=cropbox, 433.62pt 
x 433.62pt>
File: MOSAIC-StudentGuide-HELPrct-resid-plot.pdf Graphic file (type pdf)
<use MOSAIC-StudentGuide-HELPrct-resid-plot.pdf>
Package pdftex.def Info: MOSAIC-StudentGuide-HELPrct-resid-plot.pdf  used on in
put line 1604. on input line 1604.
Package pdftex.def Info: Requested size: 249.60095pt x 249.60083pt on input lin
e 1604.
 [50 <./MOSAIC-StudentGuide-HELPrct-resid-qq.pdf> <./MOSAIC-StudentGuide-HELPrc
t-resid-plot.pdf>]
<MOSAIC-StudentGuide-mplotc1.pdf, id=699, pagebox=cropbox, 433.62pt x 433.62pt>

File: MOSAIC-StudentGuide-mplotc1.pdf Graphic file (type pdf)
<use MOSAIC-StudentGuide-mplotc1.pdf>
Package pdftex.def Info: MOSAIC-StudentGuide-mplotc1.pdf  used on input line 16
18. on input line 1618.
Package pdftex.def Info: Requested size: 249.60095pt x 249.60083pt on input lin
e 1618.
<MOSAIC-StudentGuide-mplotc2.pdf, id=700, pagebox=cropbox, 433.62pt x 433.62pt>

File: MOSAIC-StudentGuide-mplotc2.pdf Graphic file (type pdf)
<use MOSAIC-StudentGuide-mplotc2.pdf>
Package pdftex.def Info: MOSAIC-StudentGuide-mplotc2.pdf  used on input line 16
29. on input line 1629.
Package pdftex.def Info: Requested size: 249.60095pt x 249.60083pt on input lin
e 1629.
 [51 <./MOSAIC-StudentGuide-mplotc1.pdf> <./MOSAIC-StudentGuide-mplotc2.pdf>]
<MOSAIC-StudentGuide-mplotc3.pdf, id=717, pagebox=cropbox, 433.62pt x 433.62pt>

File: MOSAIC-StudentGuide-mplotc3.pdf Graphic file (type pdf)
<use MOSAIC-StudentGuide-mplotc3.pdf>
Package pdftex.def Info: MOSAIC-StudentGuide-mplotc3.pdf  used on input line 16
41. on input line 1641.
Package pdftex.def Info: Requested size: 249.60095pt x 249.60083pt on input lin
e 1641.
<MOSAIC-StudentGuide-mplotc4.pdf, id=718, pagebox=cropbox, 433.62pt x 433.62pt>

File: MOSAIC-StudentGuide-mplotc4.pdf Graphic file (type pdf)
<use MOSAIC-StudentGuide-mplotc4.pdf>
Package pdftex.def Info: MOSAIC-StudentGuide-mplotc4.pdf  used on input line 16
53. on input line 1653.
Package pdftex.def Info: Requested size: 249.60095pt x 249.60083pt on input lin
e 1653.
 [52 <./MOSAIC-StudentGuide-mplotc3.pdf> <./MOSAIC-StudentGuide-mplotc4.pdf>]
<MOSAIC-StudentGuide-mplotc5.pdf, id=735, pagebox=cropbox, 433.62pt x 433.62pt>

File: MOSAIC-StudentGuide-mplotc5.pdf Graphic file (type pdf)
<use MOSAIC-StudentGuide-mplotc5.pdf>
Package pdftex.def Info: MOSAIC-StudentGuide-mplotc5.pdf  used on input line 16
65. on input line 1665.
Package pdftex.def Info: Requested size: 249.60095pt x 249.60083pt on input lin
e 1665.
 [53 <./MOSAIC-StudentGuide-mplotc5.pdf>] [54

]
Cap\'{\i }tulo 6.

Overfull \hbox (36.39679pt too wide) in paragraph at lines 1670--1670
|[]\T1/aer/m/it/17.28 Tablas de cla-si-fi-ca-ción cru-za-da (o de con-
 []

[55]
Overfull \hbox (3.32996pt too wide) in paragraph at lines 1765--1765
 []  
 []


LaTeX Warning: Marginpar on page 56 moved.


LaTeX Warning: Marginpar on page 56 moved.


LaTeX Warning: Marginpar on page 56 moved.

[56]
<MOSAIC-StudentGuide-mosaicplot.pdf, id=761, pagebox=cropbox, 433.62pt x 433.62
pt>
File: MOSAIC-StudentGuide-mosaicplot.pdf Graphic file (type pdf)
<use MOSAIC-StudentGuide-mosaicplot.pdf>
Package pdftex.def Info: MOSAIC-StudentGuide-mosaicplot.pdf  used on input line
 1778. on input line 1778.
Package pdftex.def Info: Requested size: 249.60095pt x 249.60083pt on input lin
e 1778.

Overfull \hbox (10.25197pt too wide) in paragraph at lines 1781--1781
|[]\T1/aer/m/it/17.28 Creando ta-blas de re-su-men de es-ta-dís-
 []

[57 <./MOSAIC-StudentGuide-mosaicplot.pdf>]
LaTeX Font Info:    Font shape `TS1/aett/m/n' in size <12> not available
(Font)              Font shape `TS1/cmtt/m/n' tried instead on input line 1812.



LaTeX Warning: Marginpar on page 58 moved.

[58]
Overfull \hbox (3.32996pt too wide) in paragraph at lines 1861--1861
 []  
 []


LaTeX Warning: Marginpar on page 59 moved.

[59] [60

]
Cap\'{\i }tulo 7.

Overfull \hbox (27.53194pt too wide) in paragraph at lines 1884--1884
|[]\T1/aer/m/it/17.28 Un pre-dic-tor di-co-to-mi-co: re-sú-me-nes grá-
 []

<MOSAIC-StudentGuide-cesd-box.pdf, id=786, pagebox=cropbox, 433.62pt x 433.62pt
>
File: MOSAIC-StudentGuide-cesd-box.pdf Graphic file (type pdf)
<use MOSAIC-StudentGuide-cesd-box.pdf>
Package pdftex.def Info: MOSAIC-StudentGuide-cesd-box.pdf  used on input line 1
922. on input line 1922.
Package pdftex.def Info: Requested size: 249.60095pt x 249.60083pt on input lin
e 1922.
[61]

LaTeX Warning: Marginpar on page 62 moved.

<MOSAIC-StudentGuide-KidsFeet-xy.pdf, id=792, pagebox=cropbox, 433.62pt x 433.6
2pt>
File: MOSAIC-StudentGuide-KidsFeet-xy.pdf Graphic file (type pdf)
<use MOSAIC-StudentGuide-KidsFeet-xy.pdf>
Package pdftex.def Info: MOSAIC-StudentGuide-KidsFeet-xy.pdf  used on input lin
e 1936. on input line 1936.
Package pdftex.def Info: Requested size: 249.60095pt x 249.60083pt on input lin
e 1936.

Underfull \vbox (badness 10000) has occurred while \output is active []

 [62 <./MOSAIC-StudentGuide-cesd-box.pdf>]
Overfull \hbox (24.09329pt too wide) in paragraph at lines 1939--1939
|[]\T1/aer/m/it/17.28 Un pre-dic-tor di-co-tó-mi-co: t de dos mues-
 []

[63 <./MOSAIC-StudentGuide-KidsFeet-xy.pdf>]

LaTeX Warning: Marginpar on page 64 moved.

[64]
Overfull \hbox (3.32996pt too wide) in paragraph at lines 2074--2074
 []  
 []


LaTeX Warning: Marginpar on page 65 moved.

<MOSAIC-StudentGuide-permute-HELPrct.pdf, id=817, pagebox=cropbox, 433.62pt x 4
33.62pt>
File: MOSAIC-StudentGuide-permute-HELPrct.pdf Graphic file (type pdf)
<use MOSAIC-StudentGuide-permute-HELPrct.pdf>
Package pdftex.def Info: MOSAIC-StudentGuide-permute-HELPrct.pdf  used on input
 line 2103. on input line 2103.
Package pdftex.def Info: Requested size: 249.60095pt x 249.60083pt on input lin
e 2103.
[65]
<MOSAIC-StudentGuide-cesd-oneway.pdf, id=822, pagebox=cropbox, 433.62pt x 433.6
2pt>
File: MOSAIC-StudentGuide-cesd-oneway.pdf Graphic file (type pdf)
<use MOSAIC-StudentGuide-cesd-oneway.pdf>
Package pdftex.def Info: MOSAIC-StudentGuide-cesd-oneway.pdf  used on input lin
e 2120. on input line 2120.
Package pdftex.def Info: Requested size: 249.60095pt x 249.60083pt on input lin
e 2120.

Underfull \vbox (badness 10000) has occurred while \output is active []

 [66 <./MOSAIC-StudentGuide-permute-HELPrct.pdf>] [67 <./MOSAIC-StudentGuide-ce
sd-oneway.pdf>]
Overfull \hbox (6.3813pt too wide) in paragraph at lines 2190--2190
|[]\T1/aer/m/it/17.28 Las di-fe-ren-cias sig-ni-fi-ca-ti-vas ho-nes-tas
 []

[68] [69] [70

]
Cap\'{\i }tulo 8.

Overfull \hbox (2.04387pt too wide) in paragraph at lines 2246--2246
|[]\T1/aer/m/it/17.28 Respuesta ca-te-gó-ri-ca, pre-dic-tor cuan-
 []


LaTeX Warning: Marginpar on page 71 moved.

[71] [72] [73] [74

]
Cap\'{\i }tulo 9.
<MOSAIC-StudentGuide-help-km.pdf, id=871, pagebox=cropbox, 433.62pt x 433.62pt>

File: MOSAIC-StudentGuide-help-km.pdf Graphic file (type pdf)
<use MOSAIC-StudentGuide-help-km.pdf>
Package pdftex.def Info: MOSAIC-StudentGuide-help-km.pdf  used on input line 23
83. on input line 2383.
Package pdftex.def Info: Requested size: 249.60095pt x 249.60083pt on input lin
e 2383.

Underfull \vbox (badness 10000) has occurred while \output is active []

 [75]
Overfull \hbox (26.89299pt too wide) in paragraph at lines 2387--2387
|[]\T1/aer/m/it/17.28 Modelo de ries-gos pro-por-cio-na-les de Cox| 
 []

[76 <./MOSAIC-StudentGuide-help-km.pdf>] [77] [78

]
Cap\'{\i }tulo 10.

Overfull \hbox (19.63544pt too wide) in paragraph at lines 2427--2427
|[]\T1/aer/m/it/17.28 Análisis de va-rian-za (ANOVA) de dos
 []


Overfull \hbox (10.90526pt too wide) in paragraph at lines 2475--2476
\T1/aer/m/n/12 ci-pa-les sig-ni-fi-ca-ti-vos en los tér-mi-nos de la sus-tan-ci
a([]\T1/aett/m/n/12 substace[]\T1/aer/m/n/12 ) 
 []

[79]
<MOSAIC-StudentGuide-help-interaction.pdf, id=900, pagebox=cropbox, 433.62pt x 
433.62pt>
File: MOSAIC-StudentGuide-help-interaction.pdf Graphic file (type pdf)
<use MOSAIC-StudentGuide-help-interaction.pdf>
Package pdftex.def Info: MOSAIC-StudentGuide-help-interaction.pdf  used on inpu
t line 2484. on input line 2484.
Package pdftex.def Info: Requested size: 249.60095pt x 249.60083pt on input lin
e 2484.


LaTeX Warning: Marginpar on page 80 moved.

[80 <./MOSAIC-StudentGuide-help-interaction.pdf>] [81]
<MOSAIC-StudentGuide-plotFUN.pdf, id=914, pagebox=cropbox, 433.62pt x 433.62pt>

File: MOSAIC-StudentGuide-plotFUN.pdf Graphic file (type pdf)
<use MOSAIC-StudentGuide-plotFUN.pdf>
Package pdftex.def Info: MOSAIC-StudentGuide-plotFUN.pdf  used on input line 25
97. on input line 2597.
Package pdftex.def Info: Requested size: 249.60095pt x 249.60083pt on input lin
e 2597.

Underfull \vbox (badness 5756) has occurred while \output is active []

 [82 <./MOSAIC-StudentGuide-plotFUN.pdf>]
<MOSAIC-StudentGuide-112.pdf, id=925, pagebox=cropbox, 433.62pt x 433.62pt>
File: MOSAIC-StudentGuide-112.pdf Graphic file (type pdf)
<use MOSAIC-StudentGuide-112.pdf>
Package pdftex.def Info: MOSAIC-StudentGuide-112.pdf  used on input line 2611. 
on input line 2611.
Package pdftex.def Info: Requested size: 249.60095pt x 249.60083pt on input lin
e 2611.

Overfull \hbox (3.32996pt too wide) in paragraph at lines 2615--2615
 []  
 []


LaTeX Warning: Marginpar on page 83 moved.


LaTeX Warning: Marginpar on page 83 moved.


LaTeX Warning: Marginpar on page 83 moved.


LaTeX Warning: Marginpar on page 83 moved.

<MOSAIC-StudentGuide-114.pdf, id=926, pagebox=cropbox, 433.62pt x 433.62pt>
File: MOSAIC-StudentGuide-114.pdf Graphic file (type pdf)
<use MOSAIC-StudentGuide-114.pdf>
Package pdftex.def Info: MOSAIC-StudentGuide-114.pdf  used on input line 2640. 
on input line 2640.
Package pdftex.def Info: Requested size: 249.60095pt x 249.60083pt on input lin
e 2640.

Underfull \vbox (badness 10000) has occurred while \output is active []

 [83 <./MOSAIC-StudentGuide-112.pdf>]
<MOSAIC-StudentGuide-116.pdf, id=943, pagebox=cropbox, 433.62pt x 433.62pt>
File: MOSAIC-StudentGuide-116.pdf Graphic file (type pdf)
<use MOSAIC-StudentGuide-116.pdf>
Package pdftex.def Info: MOSAIC-StudentGuide-116.pdf  used on input line 2674. 
on input line 2674.
Package pdftex.def Info: Requested size: 249.60095pt x 249.60083pt on input lin
e 2674.

Underfull \vbox (badness 10000) has occurred while \output is active []

 [84 <./MOSAIC-StudentGuide-114.pdf>]
<MOSAIC-StudentGuide-117.pdf, id=953, pagebox=cropbox, 433.62pt x 433.62pt>
File: MOSAIC-StudentGuide-117.pdf Graphic file (type pdf)
<use MOSAIC-StudentGuide-117.pdf>
Package pdftex.def Info: MOSAIC-StudentGuide-117.pdf  used on input line 2682. 
on input line 2682.
Package pdftex.def Info: Requested size: 249.60095pt x 249.60083pt on input lin
e 2682.
<MOSAIC-StudentGuide-118.pdf, id=954, pagebox=cropbox, 433.62pt x 433.62pt>
File: MOSAIC-StudentGuide-118.pdf Graphic file (type pdf)
<use MOSAIC-StudentGuide-118.pdf>
Package pdftex.def Info: MOSAIC-StudentGuide-118.pdf  used on input line 2701. 
on input line 2701.
Package pdftex.def Info: Requested size: 249.60095pt x 249.60083pt on input lin
e 2701.
 [85 <./MOSAIC-StudentGuide-116.pdf> <./MOSAIC-StudentGuide-117.pdf>] [86

]
Cap\'{\i }tulo 11.
<MOSAIC-StudentGuide-probdist.pdf, id=988, pagebox=cropbox, 433.62pt x 433.62pt
>
File: MOSAIC-StudentGuide-probdist.pdf Graphic file (type pdf)
<use MOSAIC-StudentGuide-probdist.pdf>
Package pdftex.def Info: MOSAIC-StudentGuide-probdist.pdf  used on input line 2
825. on input line 2825.
Package pdftex.def Info: Requested size: 249.60095pt x 249.60083pt on input lin
e 2825.

Underfull \vbox (badness 10000) has occurred while \output is active []

 [87]
<MOSAIC-StudentGuide-125.pdf, id=993, pagebox=cropbox, 433.62pt x 433.62pt>
File: MOSAIC-StudentGuide-125.pdf Graphic file (type pdf)
<use MOSAIC-StudentGuide-125.pdf>
Package pdftex.def Info: MOSAIC-StudentGuide-125.pdf  used on input line 2858. 
on input line 2858.
Package pdftex.def Info: Requested size: 249.60095pt x 249.60083pt on input lin
e 2858.

Underfull \vbox (badness 10000) has occurred while \output is active []

 [88 <./MOSAIC-StudentGuide-probdist.pdf>]
Underfull \vbox (badness 10000) has occurred while \output is active []

 [89 <./MOSAIC-StudentGuide-125.pdf>]
Overfull \hbox (3.32996pt too wide) in paragraph at lines 2882--2882
 []  
 []


LaTeX Warning: Marginpar on page 90 moved.

<MOSAIC-StudentGuide-126.pdf, id=1012, pagebox=cropbox, 433.62pt x 433.62pt>
File: MOSAIC-StudentGuide-126.pdf Graphic file (type pdf)
<use MOSAIC-StudentGuide-126.pdf>
Package pdftex.def Info: MOSAIC-StudentGuide-126.pdf  used on input line 2890. 
on input line 2890.
Package pdftex.def Info: Requested size: 249.60095pt x 249.60083pt on input lin
e 2890.
<MOSAIC-StudentGuide-127.pdf, id=1013, pagebox=cropbox, 433.62pt x 433.62pt>
File: MOSAIC-StudentGuide-127.pdf Graphic file (type pdf)
<use MOSAIC-StudentGuide-127.pdf>
Package pdftex.def Info: MOSAIC-StudentGuide-127.pdf  used on input line 2896. 
on input line 2896.
Package pdftex.def Info: Requested size: 249.60095pt x 249.60083pt on input lin
e 2896.
[90 <./MOSAIC-StudentGuide-126.pdf>]
<MOSAIC-StudentGuide-129.pdf, id=1023, pagebox=cropbox, 433.62pt x 433.62pt>
File: MOSAIC-StudentGuide-129.pdf Graphic file (type pdf)
<use MOSAIC-StudentGuide-129.pdf>
Package pdftex.def Info: MOSAIC-StudentGuide-129.pdf  used on input line 2909. 
on input line 2909.
Package pdftex.def Info: Requested size: 249.60095pt x 249.60083pt on input lin
e 2909.
 [91 <./MOSAIC-StudentGuide-127.pdf> <./MOSAIC-StudentGuide-129.pdf>]
<MOSAIC-StudentGuide-130.pdf, id=1040, pagebox=cropbox, 433.62pt x 433.62pt>
File: MOSAIC-StudentGuide-130.pdf Graphic file (type pdf)
<use MOSAIC-StudentGuide-130.pdf>
Package pdftex.def Info: MOSAIC-StudentGuide-130.pdf  used on input line 2924. 
on input line 2924.
Package pdftex.def Info: Requested size: 249.60095pt x 249.60083pt on input lin
e 2924.
<MOSAIC-StudentGuide-131.pdf, id=1041, pagebox=cropbox, 433.62pt x 433.62pt>
File: MOSAIC-StudentGuide-131.pdf Graphic file (type pdf)
<use MOSAIC-StudentGuide-131.pdf>
Package pdftex.def Info: MOSAIC-StudentGuide-131.pdf  used on input line 2943. 
on input line 2943.
Package pdftex.def Info: Requested size: 249.60095pt x 249.60083pt on input lin
e 2943.

Underfull \vbox (badness 10000) has occurred while \output is active []

 [92 <./MOSAIC-StudentGuide-130.pdf>] [93 <./MOSAIC-StudentGuide-131.pdf>] [94

]
Cap\'{\i }tulo 12.
[95] [96]

LaTeX Warning: Marginpar on page 97 moved.

[97] [98

]
Cap\'{\i }tulo 13.

LaTeX Warning: Marginpar on page 99 moved.


Overfull \hbox (9.04803pt too wide) in paragraph at lines 3181--3181
\T1/aer/m/n/10 urlhttp://www.amherst.edu/ nhor- 
 []


LaTeX Warning: Marginpar on page 99 moved.

[99]
Overfull \hbox (1.40472pt too wide) in paragraph at lines 3215--3215
|[]\T1/aer/m/it/17.28 Agregar nue-vas va-ria-bles a un da-ta-
 []


LaTeX Warning: Marginpar on page 100 moved.

[100] [101]

LaTeX Warning: Marginpar on page 102 moved.

[102]
Overfull \hbox (3.32996pt too wide) in paragraph at lines 3457--3457
 []  
 []


LaTeX Warning: Marginpar on page 103 moved.

[103] [104]

LaTeX Warning: Marginpar on page 105 moved.

[105]
Overfull \hbox (7.64856pt too wide) in paragraph at lines 3633--3633
|[]\T1/aer/m/it/14.4 Creando va-ria-bles ca-te-gó-ri-cas de una va-ria-
 []


LaTeX Warning: Marginpar on page 106 moved.

[106] [107] [108] [109] [110]
Cap\'{\i }tulo 14.

LaTeX Warning: Marginpar on page 111 moved.

[111

]
Underfull \hbox (badness 10000) in paragraph at lines 3903--3903
[]\T1/aer/m/n/12 Cuadro 14.1: Des-crip-ción de las va-ria-bles en el Con-jun-
 []


Underfull \hbox (badness 10000) in paragraph at lines 3907--3907
[]|\T1/aer/m/n/12 Edad de re-fe-ren-cia(en años) (ran-go
 []


Underfull \hbox (badness 10000) in paragraph at lines 3908--3908
[]|\T1/aer/m/n/12 Uso de cual-quier sus-tan-cia post
 []


Underfull \hbox (badness 10000) in paragraph at lines 3908--3909
[]|\T1/aer/m/n/12 vea tam-bién []\T1/aett/m/n/12 day-
 []


Underfull \hbox (badness 10000) in paragraph at lines 3910--3910
[]|\T1/aer/m/n/12 Escala del Cen-tro de Es-tu-dios Epi-
 []


Underfull \hbox (badness 10000) in paragraph at lines 3910--3910
\T1/aer/m/n/12 de-mio-ló-gi-cos en De-pre-sión (ran-go
 []


Underfull \hbox (badness 10000) in paragraph at lines 3910--3910
\T1/aer/m/n/12 de 0--60, pun-ta-jes ma-yo-res in-di-can
 []


Underfull \hbox (badness 10000) in paragraph at lines 3911--3911
[]|\T1/aer/m/n/12 Cuántas ve-ces ha si-do hos-pi-ta-li-za-do
 []


Underfull \hbox (badness 10000) in paragraph at lines 3911--3911
\T1/aer/m/n/12 por pro-ble-mas mé-di-cos(en to-da la
 []


Overfull \hbox (1.92859pt too wide) in paragraph at lines 3912--3912
[]|[]\T1/aett/m/n/12 daysanysub[]| 
 []


Underfull \hbox (badness 10000) in paragraph at lines 3912--3912
[]|\T1/aer/m/n/12 Tiempo (en días) des-pués del pri-mer
 []


Underfull \hbox (badness 10000) in paragraph at lines 3912--3912
\T1/aer/m/n/12 uso de cual-quier sus-tan-cia post-
 []


Underfull \hbox (badness 10000) in paragraph at lines 3912--3912
[]|\T1/aer/m/n/12 vea tam-bién []\T1/aett/m/n/12 any-
 []


Underfull \hbox (badness 10000) in paragraph at lines 3913--3913
[]|\T1/aer/m/n/12 Tiempo (en días) de aso-cia-ción al
 []


Underfull \hbox (badness 10000) in paragraph at lines 3913--3914
[]|\T1/aer/m/n/12 vea tam-bién
 []


Underfull \hbox (badness 10000) in paragraph at lines 3915--3915
[]|\T1/aer/m/n/12 Puntaje so-bre ries-go a dro-gas del
 []


Underfull \hbox (badness 10000) in paragraph at lines 3915--3915
\T1/aer/m/n/12 Risk-Assessment Ba-terry (RAB)
 []


Underfull \hbox (badness 10000) in paragraph at lines 3915--3916
[]|\T1/aer/m/n/12 vea tam-bién []\T1/aett/m/n/12 sex-
 []


Underfull \hbox (badness 10000) in paragraph at lines 3917--3917
[]|\T1/aer/m/n/12 Número de ve-ces en los úl-ti-mos 6
 []


Underfull \hbox (badness 10000) in paragraph at lines 3917--3917
\T1/aer/m/n/12 me-ses que ha en-tra-do a un pro-gra-ma
 []


Underfull \hbox (badness 10000) in paragraph at lines 3918--3918
[]|\T1/aer/m/n/12 Género del en-tre-vis-ta-do (0=hom-bre,
 []


Underfull \hbox (badness 10000) in paragraph at lines 3920--3920
[]|\T1/aer/m/n/12 Experimentó pen-sa-mien-tos se-rios
 []


Underfull \hbox (badness 10000) in paragraph at lines 3920--3920
\T1/aer/m/n/12 de sui-ci-dio (úl-ti-mos 30 días, va-lo-res
 []


Underfull \hbox (badness 10000) in paragraph at lines 3922--3922
[]|\T1/aer/m/n/12 Ha dor-mi-do 1 o más no-ches en la
 []


Underfull \hbox (badness 10000) in paragraph at lines 3922--3922
\T1/aer/m/n/12 ca-lle o un al-ber-gue en los úl-ti-mos 6
 []


Underfull \hbox (badness 10000) in paragraph at lines 3924--3924
[]|\T1/aer/m/n/12 Número pro-me-dio de be-bi-das (en
 []


Underfull \hbox (badness 10000) in paragraph at lines 3924--3924
\T1/aer/m/n/12 uni-da-des es-tán-dar, con-su-mi-das por
 []


Underfull \hbox (badness 10000) in paragraph at lines 3924--3924
\T1/aer/m/n/12 día(en los úl-ti-mos 30 días, ran-go
 []


Underfull \hbox (badness 10000) in paragraph at lines 3926--3926
[]|\T1/aer/m/n/12 Máximo nú-me-ro de be-bi-das (en uni-
 []


Underfull \hbox (badness 10000) in paragraph at lines 3926--3926
\T1/aer/m/n/12 da-des es-tán-dar) con-su-mi-das por día
 []


Underfull \hbox (badness 10000) in paragraph at lines 3930--3930
[]|\T1/aer/m/n/12 Puntaje to-tal en el In-ven-to-rio de
 []


Underfull \hbox (badness 10000) in paragraph at lines 3930--3930
\T1/aer/m/n/12 Con-se-cuen-cias del uso de dro-gas
 []


Overfull \hbox (1.92859pt too wide) in paragraph at lines 3932--3932
[]|[]\T1/aett/m/n/12 linkstatus[]| 
 []


Underfull \hbox (badness 10000) in paragraph at lines 3932--3932
[]|\T1/aer/m/n/12 Asociación post-desintoxicación al
 []


Underfull \hbox (badness 10000) in paragraph at lines 3932--3933
[]|\T1/aer/m/n/12 vea tam-bién []\T1/aett/m/n/12 days-
 []


Underfull \hbox (badness 10000) in paragraph at lines 3934--3934
[]|\T1/aer/m/n/12 Puntaje del Com-po-nen-te Men-tal
 []


Underfull \hbox (badness 10000) in paragraph at lines 3934--3934
\T1/aer/m/n/12 SF-36 (ran-go 14-75, pun-ta-jes al-tos
 []


Underfull \hbox (badness 10000) in paragraph at lines 3936--3936
[]|\T1/aer/m/n/12 Puntaje del Com-po-nen-te Fí-si-co SF-
 []


Underfull \hbox (badness 10000) in paragraph at lines 3936--3936
\T1/aer/m/n/12 36(rango 14-75, pun-ta-jes al-tos son
 []


Overfull \hbox (76.8144pt too wide) in alignment at lines 3902--3937
 [] [] [] 
 []


Underfull \hbox (badness 10000) in paragraph at lines 3938--3938
[]|\T1/aer/m/n/12 Apoyo so-cial per-ci-bi-do (ami-gos,
 []


Underfull \hbox (badness 10000) in paragraph at lines 3940--3940
[]|\T1/aer/m/n/12 Raza/etnia (ne-gro, blan-co, his-pano u
 []


Underfull \hbox (badness 10000) in paragraph at lines 3941--3941
[]|\T1/aer/m/n/12 Cualquier tra-ta-mien-to de abu-so de
 []


Underfull \hbox (badness 10000) in paragraph at lines 3941--3941
\T1/aer/m/n/12 sus-tan-cias de BSAS al ini-cio (0=no,
 []


Underfull \hbox (badness 10000) in paragraph at lines 3942--3942
[]|\T1/aer/m/n/12 Sexo del en-tre-vis-ta-do (hom-bre o
 []


Underfull \hbox (badness 10000) in paragraph at lines 3943--3943
[]|\T1/aer/m/n/12 Risk-Assessment Bat-tery (RAB) sex
 []


Underfull \hbox (badness 10000) in paragraph at lines 3943--3944
[]|\T1/aer/m/n/12 ver tam-bién []\T1/aett/m/n/12 dru-
 []


Underfull \hbox (badness 10000) in paragraph at lines 3945--3945
[]|\T1/aer/m/n/12 Principal sus-tan-cia de abu-so (al-
 []


Underfull \hbox (badness 10000) in paragraph at lines 3947--3947
[]|\T1/aer/m/n/12 Aleatorización del gru-
 []


Underfull \hbox (badness 10000) in paragraph at lines 3947--3947
\T1/aer/m/n/12 po(Aleatorizado a una clí-ni-ca HELP,
 []


Overfull \hbox (76.8144pt too wide) in alignment at lines 3937--3949
 [] [] [] 
 []

[112] [113] [114]
Cap\'{\i }tulo 15.

Underfull \vbox (badness 10000) has occurred while \output is active []

 [115

]
[116 <./MOSAIC-StudentGuide-118.pdf>] [117] (./MOSAIC-StudentGuide.bbl [118]
Cap\'{\i }tulo 16.
pdfTeX warning (ext4): destination with the same identifier (name{cite.baum:201
4}) has been already used, duplicate ignored
<to be read again> 
                   \relax 
l.4 \bibitem[BcRB{\etalchar{+}}14]{baum:2014}
                                             pdfTeX warning (ext4): destination
 with the same identifier (name{cite.hort:2015}) has been already used, duplica
te ignored
<to be read again> 
                   \relax 
l.11 \bibitem[HBW15]{hort:2015}
                               pdfTeX warning (ext4): destination with the same
 identifier (name{cite.kert:hort:frie:2003}) has been already used, duplicate i
gnored
<to be read again> 
                   \relax 
l.18 ...[KHF{\etalchar{+}}03]{kert:hort:frie:2003}
                                                  pdfTeX warning (ext4): destin
ation with the same identifier (name{cite.lieb:save:2002}) has been already use
d, duplicate ignored
<to be read again> 
                   \relax 
l.24 \bibitem[LSS{\etalchar{+}}02]{lieb:save:2002}
                                                  pdfTeX warning (ext4): destin
ation with the same identifier (name{cite.moor:mcca:2007}) has been already use
d, duplicate ignored
<to be read again> 
                   \relax 
l.31 \bibitem[MM07]{moor:mcca:2007}
                                   pdfTeX warning (ext4): destination with the 
same identifier (name{cite.nola:temp:2010}) has been already used, duplicate ig
nored
<to be read again> 
                   \relax 
l.36 \bibitem[NT10]{nola:temp:2010}
                                    [119

]pdfTeX warning (ext4): destination with the same identifier (name{cite.Sleuth2
}) has been already used, duplicate ignored
<to be read again> 
                   \relax 
l.41 \bibitem[RS02]{Sleuth2}
                            pdfTeX warning (ext4): destination with the same id
entifier (name{cite.same:lars:hort:2003}) has been already used, duplicate igno
red
<to be read again> 
                   \relax 
l.46 ...[SLH{\etalchar{+}}03]{same:lars:hort:2003}
                                                  pdfTeX warning (ext4): destin
ation with the same identifier (name{cite.Tufte:2001:Visual}) has been already 
used, duplicate ignored
<to be read again> 
                   \relax 
l.53 \bibitem[Tuf01]{Tufte:2001:Visual}
                                       pdfTeX warning (ext4): destination with 
the same identifier (name{cite.ASAcurriculum2014}) has been already used, dupli
cate ignored
<to be read again> 
                   \relax 
l.58 \bibitem[Wor14]{ASAcurriculum2014}
                                       ) (./MOSAIC-StudentGuide.ind [120]
Cap\'{\i }tulo 17.
[121

] [122]) [123]
Package atveryend Info: Empty hook `BeforeClearDocument' on input line 3969.
Package atveryend Info: Empty hook `AfterLastShipout' on input line 3969.
 (./MOSAIC-StudentGuide.aux
LaTeX Info: Redefining \. on input line 26.
LaTeX Info: Redefining \% on input line 26.
)
Package atveryend Info: Executing hook `AtVeryEndDocument' on input line 3969.
Package atveryend Info: Executing hook `AtEndAfterFileList' on input line 3969.

Package rerunfilecheck Info: File `MOSAIC-StudentGuide.out' has not changed.
(rerunfilecheck)             Checksum: C80F1483578C6F46383AC3BA9A2DA8A6;12188.
Package atveryend Info: Empty hook `AtVeryVeryEnd' on input line 3969.
 ) 
Here is how much of TeX's memory you used:
 28586 strings out of 492990
 511056 string characters out of 6136334
 656170 words of memory out of 5000000
 31140 multiletter control sequences out of 15000+600000
 119965 words of font info for 234 fonts, out of 8000000 for 9000
 1141 hyphenation exceptions out of 8191
 62i,12n,80p,990b,782s stack positions out of 5000i,500n,10000p,200000b,80000s
{c:/texlive/2017/texmf-dist/fonts/enc/dvips/cm-super/cm-super-ts1.enc}{c:/tex
live/2017/texmf-dist/fonts/enc/dvips/base/8r.enc}<c:/texlive/2017/texmf-dist/fo
nts/type1/public/amsfonts/cm/cmbx12.pfb><c:/texlive/2017/texmf-dist/fonts/type1
/public/amsfonts/cm/cmcsc10.pfb><c:/texlive/2017/texmf-dist/fonts/type1/public/
amsfonts/cm/cmmi10.pfb><c:/texlive/2017/texmf-dist/fonts/type1/public/amsfonts/
cm/cmr10.pfb><c:/texlive/2017/texmf-dist/fonts/type1/public/amsfonts/cm/cmr12.p
fb><c:/texlive/2017/texmf-dist/fonts/type1/public/amsfonts/cm/cmr17.pfb><c:/tex
live/2017/texmf-dist/fonts/type1/public/amsfonts/cm/cmr6.pfb><c:/texlive/2017/t
exmf-dist/fonts/type1/public/amsfonts/cm/cmr7.pfb><c:/texlive/2017/texmf-dist/f
onts/type1/public/amsfonts/cm/cmr9.pfb><c:/texlive/2017/texmf-dist/fonts/type1/
public/amsfonts/cm/cmsltt10.pfb><c:/texlive/2017/texmf-dist/fonts/type1/public/
amsfonts/cm/cmss10.pfb><c:/texlive/2017/texmf-dist/fonts/type1/public/amsfonts/
cm/cmss12.pfb><c:/texlive/2017/texmf-dist/fonts/type1/public/amsfonts/cm/cmss17
.pfb><c:/texlive/2017/texmf-dist/fonts/type1/public/amsfonts/cm/cmsy10.pfb><c:/
texlive/2017/texmf-dist/fonts/type1/public/amsfonts/cm/cmti10.pfb><c:/texlive/2
017/texmf-dist/fonts/type1/public/amsfonts/cm/cmti12.pfb><c:/texlive/2017/texmf
-dist/fonts/type1/public/amsfonts/cm/cmtt10.pfb><c:/texlive/2017/texmf-dist/fon
ts/type1/public/amsfonts/cm/cmtt12.pfb><c:/texlive/2017/texmf-dist/fonts/type1/
public/mathpazo/fplmri.pfb><c:/texlive/2017/texmf-dist/fonts/type1/public/cm-su
per/sfst1200.pfb><c:/texlive/2017/texmf-dist/fonts/type1/public/cm-super/sftt12
00.pfb><c:/texlive/2017/texmf-dist/fonts/type1/urw/palatino/uplr8a.pfb><c:/texl
ive/2017/texmf-dist/fonts/type1/urw/palatino/uplri8a.pfb>
Output written on MOSAIC-StudentGuide.pdf (123 pages, 1325981 bytes).
PDF statistics:
 1648 PDF objects out of 1728 (max. 8388607)
 1370 compressed objects within 14 object streams
 237 named destinations out of 1000 (max. 500000)
 3389 words of extra memory for PDF output out of 10000 (max. 10000000)

